{"/home/savelii/projects/paragonka/frontend/src/App.tsx": {"path":"/home/savelii/projects/paragonka/frontend/src/App.tsx","statementMap":{"0":{"start":{"line":11,"column":25},"end":{"line":15,"column":null}},"1":{"start":{"line":12,"column":2},"end":{"line":15,"column":null}},"2":{"start":{"line":13,"column":4},"end":{"line":15,"column":null}},"3":{"start":{"line":16,"column":20},"end":{"line":18,"column":null}},"4":{"start":{"line":17,"column":2},"end":{"line":18,"column":null}},"5":{"start":{"line":17,"column":66},"end":{"line":18,"column":null}},"6":{"start":{"line":19,"column":27},"end":{"line":23,"column":null}},"7":{"start":{"line":20,"column":2},"end":{"line":23,"column":null}},"8":{"start":{"line":21,"column":4},"end":{"line":23,"column":null}},"9":{"start":{"line":24,"column":18},"end":{"line":26,"column":null}},"10":{"start":{"line":25,"column":2},"end":{"line":26,"column":null}},"11":{"start":{"line":25,"column":64},"end":{"line":26,"column":null}},"12":{"start":{"line":27,"column":21},"end":{"line":29,"column":null}},"13":{"start":{"line":28,"column":2},"end":{"line":29,"column":null}},"14":{"start":{"line":28,"column":67},"end":{"line":29,"column":null}},"15":{"start":{"line":30,"column":26},"end":{"line":34,"column":null}},"16":{"start":{"line":31,"column":2},"end":{"line":34,"column":null}},"17":{"start":{"line":32,"column":4},"end":{"line":34,"column":null}},"18":{"start":{"line":36,"column":19},"end":{"line":38,"column":null}},"19":{"start":{"line":37,"column":2},"end":{"line":38,"column":null}},"20":{"start":{"line":37,"column":68},"end":{"line":38,"column":null}},"21":{"start":{"line":39,"column":21},"end":{"line":41,"column":null}},"22":{"start":{"line":40,"column":2},"end":{"line":41,"column":null}},"23":{"start":{"line":40,"column":70},"end":{"line":41,"column":null}},"24":{"start":{"line":43,"column":25},"end":{"line":47,"column":null}},"25":{"start":{"line":44,"column":2},"end":{"line":47,"column":null}},"26":{"start":{"line":45,"column":4},"end":{"line":47,"column":null}},"27":{"start":{"line":49,"column":25},"end":{"line":53,"column":null}},"28":{"start":{"line":50,"column":2},"end":{"line":53,"column":null}},"29":{"start":{"line":51,"column":4},"end":{"line":53,"column":null}},"30":{"start":{"line":55,"column":19},"end":{"line":57,"column":null}},"31":{"start":{"line":56,"column":2},"end":{"line":57,"column":null}},"32":{"start":{"line":56,"column":66},"end":{"line":57,"column":null}},"33":{"start":{"line":58,"column":20},"end":{"line":60,"column":null}},"34":{"start":{"line":59,"column":2},"end":{"line":60,"column":null}},"35":{"start":{"line":59,"column":67},"end":{"line":60,"column":null}},"36":{"start":{"line":61,"column":18},"end":{"line":63,"column":null}},"37":{"start":{"line":62,"column":2},"end":{"line":63,"column":null}},"38":{"start":{"line":62,"column":65},"end":{"line":63,"column":null}},"39":{"start":{"line":65,"column":22},"end":{"line":67,"column":null}},"40":{"start":{"line":66,"column":2},"end":{"line":67,"column":null}},"41":{"start":{"line":66,"column":70},"end":{"line":67,"column":null}},"42":{"start":{"line":68,"column":21},"end":{"line":70,"column":null}},"43":{"start":{"line":69,"column":2},"end":{"line":70,"column":null}},"44":{"start":{"line":69,"column":69},"end":{"line":70,"column":null}},"45":{"start":{"line":71,"column":20},"end":{"line":73,"column":null}},"46":{"start":{"line":72,"column":2},"end":{"line":73,"column":null}},"47":{"start":{"line":72,"column":68},"end":{"line":73,"column":null}},"48":{"start":{"line":74,"column":18},"end":{"line":76,"column":null}},"49":{"start":{"line":75,"column":2},"end":{"line":76,"column":null}},"50":{"start":{"line":75,"column":66},"end":{"line":76,"column":null}},"51":{"start":{"line":77,"column":18},"end":{"line":79,"column":null}},"52":{"start":{"line":78,"column":2},"end":{"line":79,"column":null}},"53":{"start":{"line":78,"column":66},"end":{"line":79,"column":null}},"54":{"start":{"line":81,"column":22},"end":{"line":83,"column":null}},"55":{"start":{"line":82,"column":2},"end":{"line":83,"column":null}},"56":{"start":{"line":82,"column":68},"end":{"line":83,"column":null}},"57":{"start":{"line":84,"column":24},"end":{"line":88,"column":null}},"58":{"start":{"line":85,"column":2},"end":{"line":88,"column":null}},"59":{"start":{"line":86,"column":4},"end":{"line":88,"column":null}},"60":{"start":{"line":90,"column":20},"end":{"line":92,"column":null}},"61":{"start":{"line":91,"column":2},"end":{"line":92,"column":null}},"62":{"start":{"line":91,"column":70},"end":{"line":92,"column":null}},"63":{"start":{"line":94,"column":22},"end":{"line":98,"column":null}},"64":{"start":{"line":95,"column":2},"end":{"line":98,"column":null}},"65":{"start":{"line":96,"column":4},"end":{"line":98,"column":null}},"66":{"start":{"line":99,"column":20},"end":{"line":101,"column":null}},"67":{"start":{"line":100,"column":2},"end":{"line":101,"column":null}},"68":{"start":{"line":100,"column":70},"end":{"line":101,"column":null}},"69":{"start":{"line":102,"column":20},"end":{"line":104,"column":null}},"70":{"start":{"line":103,"column":2},"end":{"line":104,"column":null}},"71":{"start":{"line":103,"column":70},"end":{"line":104,"column":null}},"72":{"start":{"line":107,"column":8},"end":{"line":107,"column":null}},"73":{"start":{"line":107,"column":35},"end":{"line":107,"column":41}},"74":{"start":{"line":108,"column":2},"end":{"line":108,"column":null}},"75":{"start":{"line":108,"column":13},"end":{"line":108,"column":null}},"76":{"start":{"line":109,"column":2},"end":{"line":109,"column":null}},"77":{"start":{"line":112,"column":6},"end":{"line":176,"column":null}},"78":{"start":{"line":179,"column":2},"end":{"line":185,"column":null}}},"fnMap":{"0":{"name":"(anonymous_0)","decl":{"start":{"line":11,"column":31},"end":{"line":11,"column":null}},"loc":{"start":{"line":12,"column":2},"end":{"line":15,"column":null}},"line":12},"1":{"name":"(anonymous_1)","decl":{"start":{"line":12,"column":62},"end":{"line":12,"column":69}},"loc":{"start":{"line":13,"column":4},"end":{"line":15,"column":null}},"line":13},"2":{"name":"(anonymous_2)","decl":{"start":{"line":16,"column":26},"end":{"line":16,"column":null}},"loc":{"start":{"line":17,"column":2},"end":{"line":18,"column":null}},"line":17},"3":{"name":"(anonymous_3)","decl":{"start":{"line":17,"column":57},"end":{"line":17,"column":64}},"loc":{"start":{"line":17,"column":66},"end":{"line":18,"column":null}},"line":17},"4":{"name":"(anonymous_4)","decl":{"start":{"line":19,"column":33},"end":{"line":19,"column":null}},"loc":{"start":{"line":20,"column":2},"end":{"line":23,"column":null}},"line":20},"5":{"name":"(anonymous_5)","decl":{"start":{"line":20,"column":64},"end":{"line":20,"column":71}},"loc":{"start":{"line":21,"column":4},"end":{"line":23,"column":null}},"line":21},"6":{"name":"(anonymous_6)","decl":{"start":{"line":24,"column":24},"end":{"line":24,"column":null}},"loc":{"start":{"line":25,"column":2},"end":{"line":26,"column":null}},"line":25},"7":{"name":"(anonymous_7)","decl":{"start":{"line":25,"column":55},"end":{"line":25,"column":62}},"loc":{"start":{"line":25,"column":64},"end":{"line":26,"column":null}},"line":25},"8":{"name":"(anonymous_8)","decl":{"start":{"line":27,"column":27},"end":{"line":27,"column":null}},"loc":{"start":{"line":28,"column":2},"end":{"line":29,"column":null}},"line":28},"9":{"name":"(anonymous_9)","decl":{"start":{"line":28,"column":58},"end":{"line":28,"column":65}},"loc":{"start":{"line":28,"column":67},"end":{"line":29,"column":null}},"line":28},"10":{"name":"(anonymous_10)","decl":{"start":{"line":30,"column":32},"end":{"line":30,"column":null}},"loc":{"start":{"line":31,"column":2},"end":{"line":34,"column":null}},"line":31},"11":{"name":"(anonymous_11)","decl":{"start":{"line":31,"column":63},"end":{"line":31,"column":70}},"loc":{"start":{"line":32,"column":4},"end":{"line":34,"column":null}},"line":32},"12":{"name":"(anonymous_12)","decl":{"start":{"line":36,"column":25},"end":{"line":36,"column":null}},"loc":{"start":{"line":37,"column":2},"end":{"line":38,"column":null}},"line":37},"13":{"name":"(anonymous_13)","decl":{"start":{"line":37,"column":59},"end":{"line":37,"column":66}},"loc":{"start":{"line":37,"column":68},"end":{"line":38,"column":null}},"line":37},"14":{"name":"(anonymous_14)","decl":{"start":{"line":39,"column":27},"end":{"line":39,"column":null}},"loc":{"start":{"line":40,"column":2},"end":{"line":41,"column":null}},"line":40},"15":{"name":"(anonymous_15)","decl":{"start":{"line":40,"column":61},"end":{"line":40,"column":68}},"loc":{"start":{"line":40,"column":70},"end":{"line":41,"column":null}},"line":40},"16":{"name":"(anonymous_16)","decl":{"start":{"line":43,"column":31},"end":{"line":43,"column":null}},"loc":{"start":{"line":44,"column":2},"end":{"line":47,"column":null}},"line":44},"17":{"name":"(anonymous_17)","decl":{"start":{"line":44,"column":61},"end":{"line":44,"column":68}},"loc":{"start":{"line":45,"column":4},"end":{"line":47,"column":null}},"line":45},"18":{"name":"(anonymous_18)","decl":{"start":{"line":49,"column":31},"end":{"line":49,"column":null}},"loc":{"start":{"line":50,"column":2},"end":{"line":53,"column":null}},"line":50},"19":{"name":"(anonymous_19)","decl":{"start":{"line":50,"column":66},"end":{"line":50,"column":73}},"loc":{"start":{"line":51,"column":4},"end":{"line":53,"column":null}},"line":51},"20":{"name":"(anonymous_20)","decl":{"start":{"line":55,"column":25},"end":{"line":55,"column":null}},"loc":{"start":{"line":56,"column":2},"end":{"line":57,"column":null}},"line":56},"21":{"name":"(anonymous_21)","decl":{"start":{"line":56,"column":57},"end":{"line":56,"column":64}},"loc":{"start":{"line":56,"column":66},"end":{"line":57,"column":null}},"line":56},"22":{"name":"(anonymous_22)","decl":{"start":{"line":58,"column":26},"end":{"line":58,"column":null}},"loc":{"start":{"line":59,"column":2},"end":{"line":60,"column":null}},"line":59},"23":{"name":"(anonymous_23)","decl":{"start":{"line":59,"column":58},"end":{"line":59,"column":65}},"loc":{"start":{"line":59,"column":67},"end":{"line":60,"column":null}},"line":59},"24":{"name":"(anonymous_24)","decl":{"start":{"line":61,"column":24},"end":{"line":61,"column":null}},"loc":{"start":{"line":62,"column":2},"end":{"line":63,"column":null}},"line":62},"25":{"name":"(anonymous_25)","decl":{"start":{"line":62,"column":56},"end":{"line":62,"column":63}},"loc":{"start":{"line":62,"column":65},"end":{"line":63,"column":null}},"line":62},"26":{"name":"(anonymous_26)","decl":{"start":{"line":65,"column":28},"end":{"line":65,"column":null}},"loc":{"start":{"line":66,"column":2},"end":{"line":67,"column":null}},"line":66},"27":{"name":"(anonymous_27)","decl":{"start":{"line":66,"column":61},"end":{"line":66,"column":68}},"loc":{"start":{"line":66,"column":70},"end":{"line":67,"column":null}},"line":66},"28":{"name":"(anonymous_28)","decl":{"start":{"line":68,"column":27},"end":{"line":68,"column":null}},"loc":{"start":{"line":69,"column":2},"end":{"line":70,"column":null}},"line":69},"29":{"name":"(anonymous_29)","decl":{"start":{"line":69,"column":60},"end":{"line":69,"column":67}},"loc":{"start":{"line":69,"column":69},"end":{"line":70,"column":null}},"line":69},"30":{"name":"(anonymous_30)","decl":{"start":{"line":71,"column":26},"end":{"line":71,"column":null}},"loc":{"start":{"line":72,"column":2},"end":{"line":73,"column":null}},"line":72},"31":{"name":"(anonymous_31)","decl":{"start":{"line":72,"column":59},"end":{"line":72,"column":66}},"loc":{"start":{"line":72,"column":68},"end":{"line":73,"column":null}},"line":72},"32":{"name":"(anonymous_32)","decl":{"start":{"line":74,"column":24},"end":{"line":74,"column":null}},"loc":{"start":{"line":75,"column":2},"end":{"line":76,"column":null}},"line":75},"33":{"name":"(anonymous_33)","decl":{"start":{"line":75,"column":57},"end":{"line":75,"column":64}},"loc":{"start":{"line":75,"column":66},"end":{"line":76,"column":null}},"line":75},"34":{"name":"(anonymous_34)","decl":{"start":{"line":77,"column":24},"end":{"line":77,"column":null}},"loc":{"start":{"line":78,"column":2},"end":{"line":79,"column":null}},"line":78},"35":{"name":"(anonymous_35)","decl":{"start":{"line":78,"column":57},"end":{"line":78,"column":64}},"loc":{"start":{"line":78,"column":66},"end":{"line":79,"column":null}},"line":78},"36":{"name":"(anonymous_36)","decl":{"start":{"line":81,"column":28},"end":{"line":81,"column":null}},"loc":{"start":{"line":82,"column":2},"end":{"line":83,"column":null}},"line":82},"37":{"name":"(anonymous_37)","decl":{"start":{"line":82,"column":59},"end":{"line":82,"column":66}},"loc":{"start":{"line":82,"column":68},"end":{"line":83,"column":null}},"line":82},"38":{"name":"(anonymous_38)","decl":{"start":{"line":84,"column":30},"end":{"line":84,"column":null}},"loc":{"start":{"line":85,"column":2},"end":{"line":88,"column":null}},"line":85},"39":{"name":"(anonymous_39)","decl":{"start":{"line":85,"column":61},"end":{"line":85,"column":68}},"loc":{"start":{"line":86,"column":4},"end":{"line":88,"column":null}},"line":86},"40":{"name":"(anonymous_40)","decl":{"start":{"line":90,"column":26},"end":{"line":90,"column":null}},"loc":{"start":{"line":91,"column":2},"end":{"line":92,"column":null}},"line":91},"41":{"name":"(anonymous_41)","decl":{"start":{"line":91,"column":61},"end":{"line":91,"column":68}},"loc":{"start":{"line":91,"column":70},"end":{"line":92,"column":null}},"line":91},"42":{"name":"(anonymous_42)","decl":{"start":{"line":94,"column":28},"end":{"line":94,"column":null}},"loc":{"start":{"line":95,"column":2},"end":{"line":98,"column":null}},"line":95},"43":{"name":"(anonymous_43)","decl":{"start":{"line":95,"column":63},"end":{"line":95,"column":70}},"loc":{"start":{"line":96,"column":4},"end":{"line":98,"column":null}},"line":96},"44":{"name":"(anonymous_44)","decl":{"start":{"line":99,"column":26},"end":{"line":99,"column":null}},"loc":{"start":{"line":100,"column":2},"end":{"line":101,"column":null}},"line":100},"45":{"name":"(anonymous_45)","decl":{"start":{"line":100,"column":61},"end":{"line":100,"column":68}},"loc":{"start":{"line":100,"column":70},"end":{"line":101,"column":null}},"line":100},"46":{"name":"(anonymous_46)","decl":{"start":{"line":102,"column":26},"end":{"line":102,"column":null}},"loc":{"start":{"line":103,"column":2},"end":{"line":104,"column":null}},"line":103},"47":{"name":"(anonymous_47)","decl":{"start":{"line":103,"column":61},"end":{"line":103,"column":68}},"loc":{"start":{"line":103,"column":70},"end":{"line":104,"column":null}},"line":103},"48":{"name":"RequireAuth","decl":{"start":{"line":106,"column":9},"end":{"line":106,"column":21}},"loc":{"start":{"line":106,"column":66},"end":{"line":110,"column":null}},"line":106},"49":{"name":"(anonymous_49)","decl":{"start":{"line":107,"column":15},"end":{"line":107,"column":29}},"loc":{"start":{"line":107,"column":35},"end":{"line":107,"column":41}},"line":107},"50":{"name":"App","decl":{"start":{"line":178,"column":24},"end":{"line":178,"column":30}},"loc":{"start":{"line":178,"column":30},"end":{"line":187,"column":null}},"line":178}},"branchMap":{"0":{"loc":{"start":{"line":108,"column":2},"end":{"line":108,"column":null}},"type":"if","locations":[{"start":{"line":108,"column":2},"end":{"line":108,"column":null}},{"start":{},"end":{}}],"line":108}},"s":{"0":1,"1":0,"2":0,"3":1,"4":0,"5":0,"6":1,"7":0,"8":0,"9":1,"10":1,"11":0,"12":1,"13":0,"14":0,"15":1,"16":0,"17":0,"18":1,"19":0,"20":0,"21":1,"22":0,"23":0,"24":1,"25":0,"26":0,"27":1,"28":0,"29":0,"30":1,"31":0,"32":0,"33":1,"34":0,"35":0,"36":1,"37":0,"38":0,"39":1,"40":0,"41":0,"42":1,"43":0,"44":0,"45":1,"46":0,"47":0,"48":1,"49":0,"50":0,"51":1,"52":0,"53":0,"54":1,"55":0,"56":0,"57":1,"58":0,"59":0,"60":1,"61":0,"62":0,"63":1,"64":0,"65":0,"66":1,"67":0,"68":0,"69":1,"70":0,"71":0,"72":0,"73":0,"74":0,"75":0,"76":0,"77":1,"78":1},"f":{"0":0,"1":0,"2":0,"3":0,"4":0,"5":0,"6":1,"7":0,"8":0,"9":0,"10":0,"11":0,"12":0,"13":0,"14":0,"15":0,"16":0,"17":0,"18":0,"19":0,"20":0,"21":0,"22":0,"23":0,"24":0,"25":0,"26":0,"27":0,"28":0,"29":0,"30":0,"31":0,"32":0,"33":0,"34":0,"35":0,"36":0,"37":0,"38":0,"39":0,"40":0,"41":0,"42":0,"43":0,"44":0,"45":0,"46":0,"47":0,"48":0,"49":0,"50":1},"b":{"0":[0,0]},"meta":{"lastBranch":1,"lastFunction":51,"lastStatement":79,"seen":{"s:11:25:15:Infinity":0,"f:11:31:11:Infinity":0,"s:12:2:15:Infinity":1,"f:12:62:12:69":1,"s:13:4:15:Infinity":2,"s:16:20:18:Infinity":3,"f:16:26:16:Infinity":2,"s:17:2:18:Infinity":4,"f:17:57:17:64":3,"s:17:66:18:Infinity":5,"s:19:27:23:Infinity":6,"f:19:33:19:Infinity":4,"s:20:2:23:Infinity":7,"f:20:64:20:71":5,"s:21:4:23:Infinity":8,"s:24:18:26:Infinity":9,"f:24:24:24:Infinity":6,"s:25:2:26:Infinity":10,"f:25:55:25:62":7,"s:25:64:26:Infinity":11,"s:27:21:29:Infinity":12,"f:27:27:27:Infinity":8,"s:28:2:29:Infinity":13,"f:28:58:28:65":9,"s:28:67:29:Infinity":14,"s:30:26:34:Infinity":15,"f:30:32:30:Infinity":10,"s:31:2:34:Infinity":16,"f:31:63:31:70":11,"s:32:4:34:Infinity":17,"s:36:19:38:Infinity":18,"f:36:25:36:Infinity":12,"s:37:2:38:Infinity":19,"f:37:59:37:66":13,"s:37:68:38:Infinity":20,"s:39:21:41:Infinity":21,"f:39:27:39:Infinity":14,"s:40:2:41:Infinity":22,"f:40:61:40:68":15,"s:40:70:41:Infinity":23,"s:43:25:47:Infinity":24,"f:43:31:43:Infinity":16,"s:44:2:47:Infinity":25,"f:44:61:44:68":17,"s:45:4:47:Infinity":26,"s:49:25:53:Infinity":27,"f:49:31:49:Infinity":18,"s:50:2:53:Infinity":28,"f:50:66:50:73":19,"s:51:4:53:Infinity":29,"s:55:19:57:Infinity":30,"f:55:25:55:Infinity":20,"s:56:2:57:Infinity":31,"f:56:57:56:64":21,"s:56:66:57:Infinity":32,"s:58:20:60:Infinity":33,"f:58:26:58:Infinity":22,"s:59:2:60:Infinity":34,"f:59:58:59:65":23,"s:59:67:60:Infinity":35,"s:61:18:63:Infinity":36,"f:61:24:61:Infinity":24,"s:62:2:63:Infinity":37,"f:62:56:62:63":25,"s:62:65:63:Infinity":38,"s:65:22:67:Infinity":39,"f:65:28:65:Infinity":26,"s:66:2:67:Infinity":40,"f:66:61:66:68":27,"s:66:70:67:Infinity":41,"s:68:21:70:Infinity":42,"f:68:27:68:Infinity":28,"s:69:2:70:Infinity":43,"f:69:60:69:67":29,"s:69:69:70:Infinity":44,"s:71:20:73:Infinity":45,"f:71:26:71:Infinity":30,"s:72:2:73:Infinity":46,"f:72:59:72:66":31,"s:72:68:73:Infinity":47,"s:74:18:76:Infinity":48,"f:74:24:74:Infinity":32,"s:75:2:76:Infinity":49,"f:75:57:75:64":33,"s:75:66:76:Infinity":50,"s:77:18:79:Infinity":51,"f:77:24:77:Infinity":34,"s:78:2:79:Infinity":52,"f:78:57:78:64":35,"s:78:66:79:Infinity":53,"s:81:22:83:Infinity":54,"f:81:28:81:Infinity":36,"s:82:2:83:Infinity":55,"f:82:59:82:66":37,"s:82:68:83:Infinity":56,"s:84:24:88:Infinity":57,"f:84:30:84:Infinity":38,"s:85:2:88:Infinity":58,"f:85:61:85:68":39,"s:86:4:88:Infinity":59,"s:90:20:92:Infinity":60,"f:90:26:90:Infinity":40,"s:91:2:92:Infinity":61,"f:91:61:91:68":41,"s:91:70:92:Infinity":62,"s:94:22:98:Infinity":63,"f:94:28:94:Infinity":42,"s:95:2:98:Infinity":64,"f:95:63:95:70":43,"s:96:4:98:Infinity":65,"s:99:20:101:Infinity":66,"f:99:26:99:Infinity":44,"s:100:2:101:Infinity":67,"f:100:61:100:68":45,"s:100:70:101:Infinity":68,"s:102:20:104:Infinity":69,"f:102:26:102:Infinity":46,"s:103:2:104:Infinity":70,"f:103:61:103:68":47,"s:103:70:104:Infinity":71,"f:106:9:106:21":48,"s:107:8:107:Infinity":72,"f:107:15:107:29":49,"s:107:35:107:41":73,"b:108:2:108:Infinity:undefined:undefined:undefined:undefined":0,"s:108:2:108:Infinity":74,"s:108:13:108:Infinity":75,"s:109:2:109:Infinity":76,"s:112:6:176:Infinity":77,"f:178:24:178:30":50,"s:179:2:185:Infinity":78},"fnNames":{}}}
,"/home/savelii/projects/paragonka/frontend/src/app/providers.tsx": {"path":"/home/savelii/projects/paragonka/frontend/src/app/providers.tsx","statementMap":{"0":{"start":{"line":6,"column":2},"end":{"line":6,"column":null}}},"fnMap":{"0":{"name":"Providers","decl":{"start":{"line":5,"column":16},"end":{"line":5,"column":26}},"loc":{"start":{"line":5,"column":71},"end":{"line":7,"column":null}},"line":5}},"branchMap":{},"s":{"0":1},"f":{"0":1},"b":{},"meta":{"lastBranch":0,"lastFunction":1,"lastStatement":1,"seen":{"f:5:16:5:26":0,"s:6:2:6:Infinity":0},"fnNames":{}}}
,"/home/savelii/projects/paragonka/frontend/src/assets/ok_logo.svg": {"path":"/home/savelii/projects/paragonka/frontend/src/assets/ok_logo.svg","statementMap":{},"fnMap":{},"branchMap":{},"s":{},"f":{},"b":{},"meta":{"lastBranch":0,"lastFunction":0,"lastStatement":0,"seen":{},"fnNames":{}}}
,"/home/savelii/projects/paragonka/frontend/src/features/auth/api.ts": {"path":"/home/savelii/projects/paragonka/frontend/src/features/auth/api.ts","statementMap":{"0":{"start":{"line":16,"column":19},"end":{"line":16,"column":null}},"1":{"start":{"line":17,"column":2},"end":{"line":17,"column":null}},"2":{"start":{"line":21,"column":19},"end":{"line":21,"column":null}},"3":{"start":{"line":22,"column":2},"end":{"line":22,"column":null}},"4":{"start":{"line":26,"column":2},"end":{"line":26,"column":null}},"5":{"start":{"line":30,"column":2},"end":{"line":30,"column":null}},"6":{"start":{"line":36,"column":19},"end":{"line":36,"column":null}},"7":{"start":{"line":37,"column":2},"end":{"line":37,"column":null}},"8":{"start":{"line":41,"column":2},"end":{"line":41,"column":null}},"9":{"start":{"line":45,"column":19},"end":{"line":45,"column":null}},"10":{"start":{"line":46,"column":2},"end":{"line":46,"column":null}},"11":{"start":{"line":50,"column":19},"end":{"line":50,"column":null}},"12":{"start":{"line":51,"column":2},"end":{"line":51,"column":null}},"13":{"start":{"line":55,"column":2},"end":{"line":55,"column":null}},"14":{"start":{"line":59,"column":2},"end":{"line":59,"column":null}}},"fnMap":{"0":{"name":"register","decl":{"start":{"line":15,"column":22},"end":{"line":15,"column":31}},"loc":{"start":{"line":15,"column":79},"end":{"line":18,"column":null}},"line":15},"1":{"name":"login","decl":{"start":{"line":20,"column":22},"end":{"line":20,"column":28}},"loc":{"start":{"line":20,"column":73},"end":{"line":23,"column":null}},"line":20},"2":{"name":"logout","decl":{"start":{"line":25,"column":22},"end":{"line":25,"column":46}},"loc":{"start":{"line":25,"column":46},"end":{"line":27,"column":null}},"line":25},"3":{"name":"changePassword","decl":{"start":{"line":29,"column":22},"end":{"line":29,"column":37}},"loc":{"start":{"line":29,"column":82},"end":{"line":31,"column":null}},"line":29},"4":{"name":"forgotPassword","decl":{"start":{"line":33,"column":22},"end":{"line":33,"column":null}},"loc":{"start":{"line":35,"column":35},"end":{"line":38,"column":null}},"line":35},"5":{"name":"resetPassword","decl":{"start":{"line":40,"column":22},"end":{"line":40,"column":36}},"loc":{"start":{"line":40,"column":80},"end":{"line":42,"column":null}},"line":40},"6":{"name":"acceptInvite","decl":{"start":{"line":44,"column":22},"end":{"line":44,"column":35}},"loc":{"start":{"line":44,"column":94},"end":{"line":47,"column":null}},"line":44},"7":{"name":"listSessions","decl":{"start":{"line":49,"column":22},"end":{"line":49,"column":61}},"loc":{"start":{"line":49,"column":61},"end":{"line":52,"column":null}},"line":49},"8":{"name":"revokeSession","decl":{"start":{"line":54,"column":22},"end":{"line":54,"column":36}},"loc":{"start":{"line":54,"column":70},"end":{"line":56,"column":null}},"line":54},"9":{"name":"revokeAllSessions","decl":{"start":{"line":58,"column":22},"end":{"line":58,"column":57}},"loc":{"start":{"line":58,"column":57},"end":{"line":60,"column":null}},"line":58}},"branchMap":{},"s":{"0":1,"1":1,"2":1,"3":1,"4":0,"5":3,"6":0,"7":0,"8":0,"9":0,"10":0,"11":1,"12":1,"13":1,"14":1},"f":{"0":1,"1":1,"2":0,"3":3,"4":0,"5":0,"6":0,"7":1,"8":1,"9":1},"b":{},"meta":{"lastBranch":0,"lastFunction":10,"lastStatement":15,"seen":{"f:15:22:15:31":0,"s:16:19:16:Infinity":0,"s:17:2:17:Infinity":1,"f:20:22:20:28":1,"s:21:19:21:Infinity":2,"s:22:2:22:Infinity":3,"f:25:22:25:46":2,"s:26:2:26:Infinity":4,"f:29:22:29:37":3,"s:30:2:30:Infinity":5,"f:33:22:33:Infinity":4,"s:36:19:36:Infinity":6,"s:37:2:37:Infinity":7,"f:40:22:40:36":5,"s:41:2:41:Infinity":8,"f:44:22:44:35":6,"s:45:19:45:Infinity":9,"s:46:2:46:Infinity":10,"f:49:22:49:61":7,"s:50:19:50:Infinity":11,"s:51:2:51:Infinity":12,"f:54:22:54:36":8,"s:55:2:55:Infinity":13,"f:58:22:58:57":9,"s:59:2:59:Infinity":14},"fnNames":{}}}
,"/home/savelii/projects/paragonka/frontend/src/features/auth/index.ts": {"path":"/home/savelii/projects/paragonka/frontend/src/features/auth/index.ts","statementMap":{},"fnMap":{},"branchMap":{},"s":{},"f":{},"b":{},"meta":{"lastBranch":0,"lastFunction":0,"lastStatement":0,"seen":{},"fnNames":{}}}
,"/home/savelii/projects/paragonka/frontend/src/features/auth/components/AcceptInvitePage.tsx": {"path":"/home/savelii/projects/paragonka/frontend/src/features/auth/components/AcceptInvitePage.tsx","statementMap":{"0":{"start":{"line":9,"column":2},"end":{"line":13,"column":null}},"1":{"start":{"line":10,"column":4},"end":{"line":10,"column":null}},"2":{"start":{"line":10,"column":30},"end":{"line":10,"column":null}},"3":{"start":{"line":11,"column":4},"end":{"line":11,"column":null}},"4":{"start":{"line":11,"column":30},"end":{"line":11,"column":null}},"5":{"start":{"line":12,"column":4},"end":{"line":12,"column":null}},"6":{"start":{"line":14,"column":2},"end":{"line":14,"column":null}},"7":{"start":{"line":14,"column":30},"end":{"line":14,"column":null}},"8":{"start":{"line":15,"column":2},"end":{"line":15,"column":null}},"9":{"start":{"line":19,"column":10},"end":{"line":19,"column":null}},"10":{"start":{"line":20,"column":9},"end":{"line":20,"column":null}},"11":{"start":{"line":21,"column":16},"end":{"line":21,"column":null}},"12":{"start":{"line":22,"column":8},"end":{"line":22,"column":null}},"13":{"start":{"line":22,"column":35},"end":{"line":22,"column":41}},"14":{"start":{"line":23,"column":8},"end":{"line":23,"column":null}},"15":{"start":{"line":23,"column":44},"end":{"line":23,"column":59}},"16":{"start":{"line":24,"column":8},"end":{"line":24,"column":null}},"17":{"start":{"line":25,"column":23},"end":{"line":25,"column":null}},"18":{"start":{"line":26,"column":8},"end":{"line":26,"column":null}},"19":{"start":{"line":28,"column":2},"end":{"line":47,"column":null}},"20":{"start":{"line":29,"column":4},"end":{"line":29,"column":null}},"21":{"start":{"line":29,"column":47},"end":{"line":29,"column":null}},"22":{"start":{"line":30,"column":4},"end":{"line":30,"column":null}},"23":{"start":{"line":31,"column":20},"end":{"line":31,"column":null}},"24":{"start":{"line":33,"column":4},"end":{"line":42,"column":null}},"25":{"start":{"line":35,"column":8},"end":{"line":35,"column":null}},"26":{"start":{"line":35,"column":23},"end":{"line":35,"column":null}},"27":{"start":{"line":36,"column":8},"end":{"line":36,"column":null}},"28":{"start":{"line":37,"column":8},"end":{"line":37,"column":null}},"29":{"start":{"line":40,"column":8},"end":{"line":40,"column":null}},"30":{"start":{"line":40,"column":23},"end":{"line":40,"column":null}},"31":{"start":{"line":41,"column":8},"end":{"line":41,"column":null}},"32":{"start":{"line":44,"column":4},"end":{"line":46,"column":null}},"33":{"start":{"line":45,"column":6},"end":{"line":45,"column":null}},"34":{"start":{"line":49,"column":2},"end":{"line":60,"column":null}},"35":{"start":{"line":50,"column":4},"end":{"line":58,"column":null}},"36":{"start":{"line":62,"column":2},"end":{"line":70,"column":null}},"37":{"start":{"line":63,"column":4},"end":{"line":68,"column":null}},"38":{"start":{"line":72,"column":2},"end":{"line":84,"column":null}}},"fnMap":{"0":{"name":"getAcceptErrorMessage","decl":{"start":{"line":8,"column":16},"end":{"line":8,"column":38}},"loc":{"start":{"line":8,"column":90},"end":{"line":16,"column":null}},"line":8},"1":{"name":"AcceptInvitePage","decl":{"start":{"line":18,"column":16},"end":{"line":18,"column":35}},"loc":{"start":{"line":18,"column":35},"end":{"line":86,"column":null}},"line":18},"2":{"name":"(anonymous_2)","decl":{"start":{"line":22,"column":15},"end":{"line":22,"column":29}},"loc":{"start":{"line":22,"column":35},"end":{"line":22,"column":41}},"line":22},"3":{"name":"(anonymous_3)","decl":{"start":{"line":23,"column":24},"end":{"line":23,"column":38}},"loc":{"start":{"line":23,"column":44},"end":{"line":23,"column":59}},"line":23},"4":{"name":"(anonymous_4)","decl":{"start":{"line":28,"column":2},"end":{"line":28,"column":18}},"loc":{"start":{"line":28,"column":18},"end":{"line":47,"column":5}},"line":28},"5":{"name":"(anonymous_5)","decl":{"start":{"line":34,"column":7},"end":{"line":34,"column":13}},"loc":{"start":{"line":34,"column":22},"end":{"line":38,"column":7}},"line":34},"6":{"name":"(anonymous_6)","decl":{"start":{"line":39,"column":7},"end":{"line":39,"column":14}},"loc":{"start":{"line":39,"column":31},"end":{"line":42,"column":7}},"line":39},"7":{"name":"(anonymous_7)","decl":{"start":{"line":44,"column":4},"end":{"line":44,"column":17}},"loc":{"start":{"line":44,"column":17},"end":{"line":46,"column":null}},"line":44}},"branchMap":{"0":{"loc":{"start":{"line":9,"column":2},"end":{"line":13,"column":null}},"type":"if","locations":[{"start":{"line":9,"column":2},"end":{"line":13,"column":null}},{"start":{},"end":{}}],"line":9},"1":{"loc":{"start":{"line":10,"column":4},"end":{"line":10,"column":null}},"type":"if","locations":[{"start":{"line":10,"column":4},"end":{"line":10,"column":null}},{"start":{},"end":{}}],"line":10},"2":{"loc":{"start":{"line":11,"column":4},"end":{"line":11,"column":null}},"type":"if","locations":[{"start":{"line":11,"column":4},"end":{"line":11,"column":null}},{"start":{},"end":{}}],"line":11},"3":{"loc":{"start":{"line":14,"column":2},"end":{"line":14,"column":null}},"type":"if","locations":[{"start":{"line":14,"column":2},"end":{"line":14,"column":null}},{"start":{},"end":{}}],"line":14},"4":{"loc":{"start":{"line":21,"column":16},"end":{"line":21,"column":null}},"type":"binary-expr","locations":[{"start":{"line":21,"column":16},"end":{"line":21,"column":45}},{"start":{"line":21,"column":45},"end":{"line":21,"column":null}}],"line":21},"5":{"loc":{"start":{"line":29,"column":4},"end":{"line":29,"column":null}},"type":"if","locations":[{"start":{"line":29,"column":4},"end":{"line":29,"column":null}},{"start":{},"end":{}}],"line":29},"6":{"loc":{"start":{"line":29,"column":8},"end":{"line":29,"column":47}},"type":"binary-expr","locations":[{"start":{"line":29,"column":8},"end":{"line":29,"column":17}},{"start":{"line":29,"column":17},"end":{"line":29,"column":27}},{"start":{"line":29,"column":27},"end":{"line":29,"column":47}}],"line":29},"7":{"loc":{"start":{"line":35,"column":8},"end":{"line":35,"column":null}},"type":"if","locations":[{"start":{"line":35,"column":8},"end":{"line":35,"column":null}},{"start":{},"end":{}}],"line":35},"8":{"loc":{"start":{"line":40,"column":8},"end":{"line":40,"column":null}},"type":"if","locations":[{"start":{"line":40,"column":8},"end":{"line":40,"column":null}},{"start":{},"end":{}}],"line":40},"9":{"loc":{"start":{"line":49,"column":2},"end":{"line":60,"column":null}},"type":"if","locations":[{"start":{"line":49,"column":2},"end":{"line":60,"column":null}},{"start":{},"end":{}}],"line":49},"10":{"loc":{"start":{"line":62,"column":2},"end":{"line":70,"column":null}},"type":"if","locations":[{"start":{"line":62,"column":2},"end":{"line":70,"column":null}},{"start":{},"end":{}}],"line":62},"11":{"loc":{"start":{"line":76,"column":9},"end":{"line":83,"column":null}},"type":"cond-expr","locations":[{"start":{"line":77,"column":10},"end":{"line":81,"column":11}},{"start":{"line":81,"column":10},"end":{"line":83,"column":null}}],"line":76}},"s":{"0":1,"1":1,"2":1,"3":0,"4":0,"5":0,"6":0,"7":0,"8":0,"9":6,"10":6,"11":6,"12":6,"13":21,"14":6,"15":21,"16":6,"17":6,"18":6,"19":6,"20":5,"21":2,"22":3,"23":3,"24":3,"25":2,"26":0,"27":2,"28":2,"29":1,"30":0,"31":1,"32":3,"33":3,"34":6,"35":1,"36":5,"37":1,"38":4},"f":{"0":1,"1":6,"2":21,"3":21,"4":5,"5":2,"6":1,"7":3},"b":{"0":[1,0],"1":[1,0],"2":[0,0],"3":[0,0],"4":[6,1],"5":[2,3],"6":[5,3,3],"7":[0,2],"8":[0,1],"9":[1,5],"10":[1,4],"11":[1,3]},"meta":{"lastBranch":12,"lastFunction":8,"lastStatement":39,"seen":{"f:8:16:8:38":0,"b:9:2:13:Infinity:undefined:undefined:undefined:undefined":0,"s:9:2:13:Infinity":0,"b:10:4:10:Infinity:undefined:undefined:undefined:undefined":1,"s:10:4:10:Infinity":1,"s:10:30:10:Infinity":2,"b:11:4:11:Infinity:undefined:undefined:undefined:undefined":2,"s:11:4:11:Infinity":3,"s:11:30:11:Infinity":4,"s:12:4:12:Infinity":5,"b:14:2:14:Infinity:undefined:undefined:undefined:undefined":3,"s:14:2:14:Infinity":6,"s:14:30:14:Infinity":7,"s:15:2:15:Infinity":8,"f:18:16:18:35":1,"s:19:10:19:Infinity":9,"s:20:9:20:Infinity":10,"s:21:16:21:Infinity":11,"b:21:16:21:45:21:45:21:Infinity":4,"s:22:8:22:Infinity":12,"f:22:15:22:29":2,"s:22:35:22:41":13,"s:23:8:23:Infinity":14,"f:23:24:23:38":3,"s:23:44:23:59":15,"s:24:8:24:Infinity":16,"s:25:23:25:Infinity":17,"s:26:8:26:Infinity":18,"s:28:2:47:Infinity":19,"f:28:2:28:18":4,"b:29:4:29:Infinity:undefined:undefined:undefined:undefined":5,"s:29:4:29:Infinity":20,"b:29:8:29:17:29:17:29:27:29:27:29:47":6,"s:29:47:29:Infinity":21,"s:30:4:30:Infinity":22,"s:31:20:31:Infinity":23,"s:33:4:42:Infinity":24,"f:34:7:34:13":5,"b:35:8:35:Infinity:undefined:undefined:undefined:undefined":7,"s:35:8:35:Infinity":25,"s:35:23:35:Infinity":26,"s:36:8:36:Infinity":27,"s:37:8:37:Infinity":28,"f:39:7:39:14":6,"b:40:8:40:Infinity:undefined:undefined:undefined:undefined":8,"s:40:8:40:Infinity":29,"s:40:23:40:Infinity":30,"s:41:8:41:Infinity":31,"s:44:4:46:Infinity":32,"f:44:4:44:17":7,"s:45:6:45:Infinity":33,"b:49:2:60:Infinity:undefined:undefined:undefined:undefined":9,"s:49:2:60:Infinity":34,"s:50:4:58:Infinity":35,"b:62:2:70:Infinity:undefined:undefined:undefined:undefined":10,"s:62:2:70:Infinity":36,"s:63:4:68:Infinity":37,"s:72:2:84:Infinity":38,"b:77:10:81:11:81:10:83:Infinity":11},"fnNames":{}}}
,"/home/savelii/projects/paragonka/frontend/src/features/auth/components/ChangePasswordSection.tsx": {"path":"/home/savelii/projects/paragonka/frontend/src/features/auth/components/ChangePasswordSection.tsx","statementMap":{"0":{"start":{"line":8,"column":29},"end":{"line":17,"column":null}},"1":{"start":{"line":14,"column":20},"end":{"line":14,"column":65}},"2":{"start":{"line":22,"column":2},"end":{"line":26,"column":null}},"3":{"start":{"line":23,"column":4},"end":{"line":23,"column":null}},"4":{"start":{"line":23,"column":54},"end":{"line":23,"column":null}},"5":{"start":{"line":24,"column":4},"end":{"line":24,"column":null}},"6":{"start":{"line":24,"column":30},"end":{"line":24,"column":null}},"7":{"start":{"line":25,"column":4},"end":{"line":25,"column":null}},"8":{"start":{"line":27,"column":2},"end":{"line":27,"column":null}},"9":{"start":{"line":27,"column":30},"end":{"line":27,"column":null}},"10":{"start":{"line":28,"column":2},"end":{"line":28,"column":null}},"11":{"start":{"line":32,"column":10},"end":{"line":32,"column":null}},"12":{"start":{"line":33,"column":8},"end":{"line":33,"column":null}},"13":{"start":{"line":38,"column":17},"end":{"line":41,"column":null}},"14":{"start":{"line":43,"column":8},"end":{"line":47,"column":null}},"15":{"start":{"line":44,"column":4},"end":{"line":47,"column":null}},"16":{"start":{"line":49,"column":2},"end":{"line":107,"column":null}}},"fnMap":{"0":{"name":"(anonymous_0)","decl":{"start":{"line":14,"column":3},"end":{"line":14,"column":11}},"loc":{"start":{"line":14,"column":20},"end":{"line":14,"column":65}},"line":14},"1":{"name":"getErrorMessage","decl":{"start":{"line":21,"column":9},"end":{"line":21,"column":25}},"loc":{"start":{"line":21,"column":77},"end":{"line":29,"column":null}},"line":21},"2":{"name":"ChangePasswordSection","decl":{"start":{"line":31,"column":16},"end":{"line":31,"column":40}},"loc":{"start":{"line":31,"column":40},"end":{"line":109,"column":null}},"line":31},"3":{"name":"(anonymous_3)","decl":{"start":{"line":43,"column":8},"end":{"line":43,"column":20}},"loc":{"start":{"line":44,"column":4},"end":{"line":47,"column":null}},"line":44}},"branchMap":{"0":{"loc":{"start":{"line":22,"column":2},"end":{"line":26,"column":null}},"type":"if","locations":[{"start":{"line":22,"column":2},"end":{"line":26,"column":null}},{"start":{},"end":{}}],"line":22},"1":{"loc":{"start":{"line":23,"column":4},"end":{"line":23,"column":null}},"type":"if","locations":[{"start":{"line":23,"column":4},"end":{"line":23,"column":null}},{"start":{},"end":{}}],"line":23},"2":{"loc":{"start":{"line":23,"column":8},"end":{"line":23,"column":54}},"type":"binary-expr","locations":[{"start":{"line":23,"column":8},"end":{"line":23,"column":32}},{"start":{"line":23,"column":32},"end":{"line":23,"column":54}}],"line":23},"3":{"loc":{"start":{"line":24,"column":4},"end":{"line":24,"column":null}},"type":"if","locations":[{"start":{"line":24,"column":4},"end":{"line":24,"column":null}},{"start":{},"end":{}}],"line":24},"4":{"loc":{"start":{"line":27,"column":2},"end":{"line":27,"column":null}},"type":"if","locations":[{"start":{"line":27,"column":2},"end":{"line":27,"column":null}},{"start":{},"end":{}}],"line":27},"5":{"loc":{"start":{"line":55,"column":7},"end":{"line":58,"column":null}},"type":"binary-expr","locations":[{"start":{"line":55,"column":7},"end":{"line":55,"column":null}},{"start":{"line":56,"column":8},"end":{"line":58,"column":null}}],"line":55},"6":{"loc":{"start":{"line":69,"column":9},"end":{"line":72,"column":null}},"type":"binary-expr","locations":[{"start":{"line":69,"column":9},"end":{"line":69,"column":null}},{"start":{"line":70,"column":10},"end":{"line":72,"column":null}}],"line":69},"7":{"loc":{"start":{"line":82,"column":9},"end":{"line":85,"column":null}},"type":"binary-expr","locations":[{"start":{"line":82,"column":9},"end":{"line":82,"column":null}},{"start":{"line":83,"column":10},"end":{"line":85,"column":null}}],"line":82},"8":{"loc":{"start":{"line":95,"column":9},"end":{"line":98,"column":null}},"type":"binary-expr","locations":[{"start":{"line":95,"column":9},"end":{"line":95,"column":null}},{"start":{"line":96,"column":10},"end":{"line":98,"column":null}}],"line":95},"9":{"loc":{"start":{"line":105,"column":9},"end":{"line":105,"column":null}},"type":"cond-expr","locations":[{"start":{"line":105,"column":44},"end":{"line":105,"column":61}},{"start":{"line":105,"column":61},"end":{"line":105,"column":null}}],"line":105}},"s":{"0":1,"1":4,"2":2,"3":2,"4":2,"5":0,"6":0,"7":0,"8":0,"9":0,"10":0,"11":16,"12":16,"13":16,"14":16,"15":1,"16":16},"f":{"0":4,"1":2,"2":16,"3":1},"b":{"0":[2,0],"1":[2,0],"2":[2,0],"3":[0,0],"4":[0,0],"5":[16,2],"6":[16,1],"7":[16,1],"8":[16,1],"9":[0,16]},"meta":{"lastBranch":10,"lastFunction":4,"lastStatement":17,"seen":{"s:8:29:17:Infinity":0,"f:14:3:14:11":0,"s:14:20:14:65":1,"f:21:9:21:25":1,"b:22:2:26:Infinity:undefined:undefined:undefined:undefined":0,"s:22:2:26:Infinity":2,"b:23:4:23:Infinity:undefined:undefined:undefined:undefined":1,"s:23:4:23:Infinity":3,"b:23:8:23:32:23:32:23:54":2,"s:23:54:23:Infinity":4,"b:24:4:24:Infinity:undefined:undefined:undefined:undefined":3,"s:24:4:24:Infinity":5,"s:24:30:24:Infinity":6,"s:25:4:25:Infinity":7,"b:27:2:27:Infinity:undefined:undefined:undefined:undefined":4,"s:27:2:27:Infinity":8,"s:27:30:27:Infinity":9,"s:28:2:28:Infinity":10,"f:31:16:31:40":2,"s:32:10:32:Infinity":11,"s:33:8:33:Infinity":12,"s:38:17:41:Infinity":13,"s:43:8:47:Infinity":14,"f:43:8:43:20":3,"s:44:4:47:Infinity":15,"s:49:2:107:Infinity":16,"b:55:7:55:Infinity:56:8:58:Infinity":5,"b:69:9:69:Infinity:70:10:72:Infinity":6,"b:82:9:82:Infinity:83:10:85:Infinity":7,"b:95:9:95:Infinity:96:10:98:Infinity":8,"b:105:44:105:61:105:61:105:Infinity":9},"fnNames":{}}}
,"/home/savelii/projects/paragonka/frontend/src/features/auth/components/LoginPage.tsx": {"path":"/home/savelii/projects/paragonka/frontend/src/features/auth/components/LoginPage.tsx","statementMap":{"0":{"start":{"line":9,"column":20},"end":{"line":12,"column":null}},"1":{"start":{"line":17,"column":10},"end":{"line":17,"column":null}},"2":{"start":{"line":18,"column":8},"end":{"line":18,"column":null}},"3":{"start":{"line":19,"column":8},"end":{"line":19,"column":null}},"4":{"start":{"line":23,"column":5},"end":{"line":23,"column":null}},"5":{"start":{"line":26,"column":4},"end":{"line":30,"column":null}},"6":{"start":{"line":27,"column":6},"end":{"line":27,"column":null}},"7":{"start":{"line":27,"column":32},"end":{"line":27,"column":null}},"8":{"start":{"line":28,"column":6},"end":{"line":28,"column":null}},"9":{"start":{"line":28,"column":32},"end":{"line":28,"column":null}},"10":{"start":{"line":29,"column":6},"end":{"line":29,"column":null}},"11":{"start":{"line":31,"column":4},"end":{"line":31,"column":null}},"12":{"start":{"line":31,"column":32},"end":{"line":31,"column":null}},"13":{"start":{"line":32,"column":4},"end":{"line":32,"column":null}},"14":{"start":{"line":37,"column":17},"end":{"line":40,"column":null}},"15":{"start":{"line":42,"column":8},"end":{"line":42,"column":null}},"16":{"start":{"line":42,"column":40},"end":{"line":42,"column":null}},"17":{"start":{"line":44,"column":2},"end":{"line":97,"column":null}}},"fnMap":{"0":{"name":"LoginPage","decl":{"start":{"line":16,"column":16},"end":{"line":16,"column":28}},"loc":{"start":{"line":16,"column":28},"end":{"line":99,"column":null}},"line":16},"1":{"name":"getErrorMessage","decl":{"start":{"line":25,"column":11},"end":{"line":25,"column":27}},"loc":{"start":{"line":25,"column":51},"end":{"line":33,"column":null}},"line":25},"2":{"name":"(anonymous_2)","decl":{"start":{"line":42,"column":8},"end":{"line":42,"column":20}},"loc":{"start":{"line":42,"column":40},"end":{"line":42,"column":null}},"line":42}},"branchMap":{"0":{"loc":{"start":{"line":26,"column":4},"end":{"line":30,"column":null}},"type":"if","locations":[{"start":{"line":26,"column":4},"end":{"line":30,"column":null}},{"start":{},"end":{}}],"line":26},"1":{"loc":{"start":{"line":27,"column":6},"end":{"line":27,"column":null}},"type":"if","locations":[{"start":{"line":27,"column":6},"end":{"line":27,"column":null}},{"start":{},"end":{}}],"line":27},"2":{"loc":{"start":{"line":28,"column":6},"end":{"line":28,"column":null}},"type":"if","locations":[{"start":{"line":28,"column":6},"end":{"line":28,"column":null}},{"start":{},"end":{}}],"line":28},"3":{"loc":{"start":{"line":31,"column":4},"end":{"line":31,"column":null}},"type":"if","locations":[{"start":{"line":31,"column":4},"end":{"line":31,"column":null}},{"start":{},"end":{}}],"line":31},"4":{"loc":{"start":{"line":48,"column":7},"end":{"line":51,"column":null}},"type":"binary-expr","locations":[{"start":{"line":48,"column":7},"end":{"line":48,"column":null}},{"start":{"line":49,"column":8},"end":{"line":51,"column":null}}],"line":48},"5":{"loc":{"start":{"line":54,"column":7},"end":{"line":55,"column":null}},"type":"binary-expr","locations":[{"start":{"line":54,"column":7},"end":{"line":54,"column":null}},{"start":{"line":55,"column":8},"end":{"line":55,"column":null}}],"line":54},"6":{"loc":{"start":{"line":64,"column":9},"end":{"line":65,"column":null}},"type":"binary-expr","locations":[{"start":{"line":64,"column":9},"end":{"line":64,"column":25}},{"start":{"line":64,"column":25},"end":{"line":65,"column":null}}],"line":64},"7":{"loc":{"start":{"line":74,"column":9},"end":{"line":75,"column":null}},"type":"binary-expr","locations":[{"start":{"line":74,"column":9},"end":{"line":74,"column":28}},{"start":{"line":74,"column":28},"end":{"line":75,"column":null}}],"line":74},"8":{"loc":{"start":{"line":88,"column":9},"end":{"line":88,"column":null}},"type":"cond-expr","locations":[{"start":{"line":88,"column":35},"end":{"line":88,"column":56}},{"start":{"line":88,"column":56},"end":{"line":88,"column":null}}],"line":88}},"s":{"0":2,"1":19,"2":19,"3":19,"4":19,"5":0,"6":0,"7":0,"8":0,"9":0,"10":0,"11":0,"12":0,"13":0,"14":19,"15":19,"16":2,"17":19},"f":{"0":19,"1":0,"2":2},"b":{"0":[0,0],"1":[0,0],"2":[0,0],"3":[0,0],"4":[19,0],"5":[19,0],"6":[19,2],"7":[19,2],"8":[0,19]},"meta":{"lastBranch":9,"lastFunction":3,"lastStatement":18,"seen":{"s:9:20:12:Infinity":0,"f:16:16:16:28":0,"s:17:10:17:Infinity":1,"s:18:8:18:Infinity":2,"s:19:8:19:Infinity":3,"s:23:5:23:Infinity":4,"f:25:11:25:27":1,"b:26:4:30:Infinity:undefined:undefined:undefined:undefined":0,"s:26:4:30:Infinity":5,"b:27:6:27:Infinity:undefined:undefined:undefined:undefined":1,"s:27:6:27:Infinity":6,"s:27:32:27:Infinity":7,"b:28:6:28:Infinity:undefined:undefined:undefined:undefined":2,"s:28:6:28:Infinity":8,"s:28:32:28:Infinity":9,"s:29:6:29:Infinity":10,"b:31:4:31:Infinity:undefined:undefined:undefined:undefined":3,"s:31:4:31:Infinity":11,"s:31:32:31:Infinity":12,"s:32:4:32:Infinity":13,"s:37:17:40:Infinity":14,"s:42:8:42:Infinity":15,"f:42:8:42:20":2,"s:42:40:42:Infinity":16,"s:44:2:97:Infinity":17,"b:48:7:48:Infinity:49:8:51:Infinity":4,"b:54:7:54:Infinity:55:8:55:Infinity":5,"b:64:9:64:25:64:25:65:Infinity":6,"b:74:9:74:28:74:28:75:Infinity":7,"b:88:35:88:56:88:56:88:Infinity":8},"fnNames":{}}}
,"/home/savelii/projects/paragonka/frontend/src/features/auth/components/RegisterPage.tsx": {"path":"/home/savelii/projects/paragonka/frontend/src/features/auth/components/RegisterPage.tsx","statementMap":{"0":{"start":{"line":8,"column":23},"end":{"line":13,"column":null}},"1":{"start":{"line":18,"column":10},"end":{"line":18,"column":null}},"2":{"start":{"line":19,"column":8},"end":{"line":19,"column":null}},"3":{"start":{"line":22,"column":4},"end":{"line":26,"column":null}},"4":{"start":{"line":23,"column":6},"end":{"line":23,"column":null}},"5":{"start":{"line":23,"column":32},"end":{"line":23,"column":null}},"6":{"start":{"line":24,"column":6},"end":{"line":24,"column":null}},"7":{"start":{"line":24,"column":32},"end":{"line":24,"column":null}},"8":{"start":{"line":25,"column":6},"end":{"line":25,"column":null}},"9":{"start":{"line":27,"column":4},"end":{"line":27,"column":null}},"10":{"start":{"line":27,"column":32},"end":{"line":27,"column":null}},"11":{"start":{"line":28,"column":4},"end":{"line":28,"column":null}},"12":{"start":{"line":33,"column":17},"end":{"line":36,"column":null}},"13":{"start":{"line":38,"column":8},"end":{"line":44,"column":null}},"14":{"start":{"line":39,"column":4},"end":{"line":44,"column":null}},"15":{"start":{"line":46,"column":2},"end":{"line":111,"column":null}}},"fnMap":{"0":{"name":"RegisterPage","decl":{"start":{"line":17,"column":16},"end":{"line":17,"column":31}},"loc":{"start":{"line":17,"column":31},"end":{"line":113,"column":null}},"line":17},"1":{"name":"getErrorMessage","decl":{"start":{"line":21,"column":11},"end":{"line":21,"column":27}},"loc":{"start":{"line":21,"column":51},"end":{"line":29,"column":null}},"line":21},"2":{"name":"(anonymous_2)","decl":{"start":{"line":38,"column":8},"end":{"line":38,"column":20}},"loc":{"start":{"line":39,"column":4},"end":{"line":44,"column":null}},"line":39}},"branchMap":{"0":{"loc":{"start":{"line":22,"column":4},"end":{"line":26,"column":null}},"type":"if","locations":[{"start":{"line":22,"column":4},"end":{"line":26,"column":null}},{"start":{},"end":{}}],"line":22},"1":{"loc":{"start":{"line":23,"column":6},"end":{"line":23,"column":null}},"type":"if","locations":[{"start":{"line":23,"column":6},"end":{"line":23,"column":null}},{"start":{},"end":{}}],"line":23},"2":{"loc":{"start":{"line":24,"column":6},"end":{"line":24,"column":null}},"type":"if","locations":[{"start":{"line":24,"column":6},"end":{"line":24,"column":null}},{"start":{},"end":{}}],"line":24},"3":{"loc":{"start":{"line":27,"column":4},"end":{"line":27,"column":null}},"type":"if","locations":[{"start":{"line":27,"column":4},"end":{"line":27,"column":null}},{"start":{},"end":{}}],"line":27},"4":{"loc":{"start":{"line":50,"column":7},"end":{"line":51,"column":null}},"type":"binary-expr","locations":[{"start":{"line":50,"column":7},"end":{"line":50,"column":null}},{"start":{"line":51,"column":8},"end":{"line":51,"column":null}}],"line":50},"5":{"loc":{"start":{"line":60,"column":9},"end":{"line":61,"column":null}},"type":"binary-expr","locations":[{"start":{"line":60,"column":9},"end":{"line":60,"column":29}},{"start":{"line":60,"column":29},"end":{"line":61,"column":null}}],"line":60},"6":{"loc":{"start":{"line":69,"column":9},"end":{"line":70,"column":null}},"type":"binary-expr","locations":[{"start":{"line":69,"column":9},"end":{"line":69,"column":25}},{"start":{"line":69,"column":25},"end":{"line":70,"column":null}}],"line":69},"7":{"loc":{"start":{"line":79,"column":9},"end":{"line":80,"column":null}},"type":"binary-expr","locations":[{"start":{"line":79,"column":9},"end":{"line":79,"column":28}},{"start":{"line":79,"column":28},"end":{"line":80,"column":null}}],"line":79},"8":{"loc":{"start":{"line":95,"column":7},"end":{"line":95,"column":null}},"type":"binary-expr","locations":[{"start":{"line":95,"column":7},"end":{"line":95,"column":25}},{"start":{"line":95,"column":25},"end":{"line":95,"column":null}}],"line":95},"9":{"loc":{"start":{"line":102,"column":9},"end":{"line":102,"column":null}},"type":"cond-expr","locations":[{"start":{"line":102,"column":38},"end":{"line":102,"column":60}},{"start":{"line":102,"column":60},"end":{"line":102,"column":null}}],"line":102}},"s":{"0":1,"1":13,"2":13,"3":0,"4":0,"5":0,"6":0,"7":0,"8":0,"9":0,"10":0,"11":0,"12":13,"13":13,"14":1,"15":13},"f":{"0":13,"1":0,"2":1},"b":{"0":[0,0],"1":[0,0],"2":[0,0],"3":[0,0],"4":[13,0],"5":[13,2],"6":[13,2],"7":[13,2],"8":[13,2],"9":[0,13]},"meta":{"lastBranch":10,"lastFunction":3,"lastStatement":16,"seen":{"s:8:23:13:Infinity":0,"f:17:16:17:31":0,"s:18:10:18:Infinity":1,"s:19:8:19:Infinity":2,"f:21:11:21:27":1,"b:22:4:26:Infinity:undefined:undefined:undefined:undefined":0,"s:22:4:26:Infinity":3,"b:23:6:23:Infinity:undefined:undefined:undefined:undefined":1,"s:23:6:23:Infinity":4,"s:23:32:23:Infinity":5,"b:24:6:24:Infinity:undefined:undefined:undefined:undefined":2,"s:24:6:24:Infinity":6,"s:24:32:24:Infinity":7,"s:25:6:25:Infinity":8,"b:27:4:27:Infinity:undefined:undefined:undefined:undefined":3,"s:27:4:27:Infinity":9,"s:27:32:27:Infinity":10,"s:28:4:28:Infinity":11,"s:33:17:36:Infinity":12,"s:38:8:44:Infinity":13,"f:38:8:38:20":2,"s:39:4:44:Infinity":14,"s:46:2:111:Infinity":15,"b:50:7:50:Infinity:51:8:51:Infinity":4,"b:60:9:60:29:60:29:61:Infinity":5,"b:69:9:69:25:69:25:70:Infinity":6,"b:79:9:79:28:79:28:80:Infinity":7,"b:95:7:95:25:95:25:95:Infinity":8,"b:102:38:102:60:102:60:102:Infinity":9},"fnNames":{}}}
,"/home/savelii/projects/paragonka/frontend/src/features/auth/components/SessionsSection.tsx": {"path":"/home/savelii/projects/paragonka/frontend/src/features/auth/components/SessionsSection.tsx","statementMap":{"0":{"start":{"line":12,"column":2},"end":{"line":12,"column":null}},"1":{"start":{"line":12,"column":18},"end":{"line":12,"column":null}},"2":{"start":{"line":13,"column":2},"end":{"line":13,"column":null}},"3":{"start":{"line":17,"column":2},"end":{"line":17,"column":null}},"4":{"start":{"line":17,"column":33},"end":{"line":17,"column":null}},"5":{"start":{"line":18,"column":2},"end":{"line":18,"column":null}},"6":{"start":{"line":18,"column":30},"end":{"line":18,"column":null}},"7":{"start":{"line":19,"column":2},"end":{"line":19,"column":null}},"8":{"start":{"line":23,"column":10},"end":{"line":23,"column":null}},"9":{"start":{"line":24,"column":44},"end":{"line":24,"column":null}},"10":{"start":{"line":25,"column":8},"end":{"line":25,"column":null}},"11":{"start":{"line":26,"column":8},"end":{"line":26,"column":null}},"12":{"start":{"line":29,"column":8},"end":{"line":29,"column":null}},"13":{"start":{"line":31,"column":2},"end":{"line":31,"column":null}},"14":{"start":{"line":31,"column":17},"end":{"line":31,"column":null}},"15":{"start":{"line":33,"column":2},"end":{"line":114,"column":null}},"16":{"start":{"line":60,"column":16},"end":{"line":99,"column":null}},"17":{"start":{"line":81,"column":39},"end":{"line":81,"column":null}},"18":{"start":{"line":90,"column":39},"end":{"line":90,"column":null}},"19":{"start":{"line":108,"column":23},"end":{"line":108,"column":null}}},"fnMap":{"0":{"name":"truncateUserAgent","decl":{"start":{"line":11,"column":9},"end":{"line":11,"column":27}},"loc":{"start":{"line":11,"column":71},"end":{"line":14,"column":null}},"line":11},"1":{"name":"getErrorMessage","decl":{"start":{"line":16,"column":9},"end":{"line":16,"column":25}},"loc":{"start":{"line":16,"column":49},"end":{"line":20,"column":null}},"line":16},"2":{"name":"SessionsSection","decl":{"start":{"line":22,"column":16},"end":{"line":22,"column":34}},"loc":{"start":{"line":22,"column":34},"end":{"line":116,"column":null}},"line":22},"3":{"name":"(anonymous_3)","decl":{"start":{"line":59,"column":24},"end":{"line":59,"column":29}},"loc":{"start":{"line":60,"column":16},"end":{"line":99,"column":null}},"line":60},"4":{"name":"(anonymous_4)","decl":{"start":{"line":81,"column":24},"end":{"line":81,"column":39}},"loc":{"start":{"line":81,"column":39},"end":{"line":81,"column":null}},"line":81},"5":{"name":"(anonymous_5)","decl":{"start":{"line":90,"column":24},"end":{"line":90,"column":39}},"loc":{"start":{"line":90,"column":39},"end":{"line":90,"column":null}},"line":90},"6":{"name":"(anonymous_6)","decl":{"start":{"line":108,"column":8},"end":{"line":108,"column":23}},"loc":{"start":{"line":108,"column":23},"end":{"line":108,"column":null}},"line":108}},"branchMap":{"0":{"loc":{"start":{"line":11,"column":53},"end":{"line":11,"column":71}},"type":"default-arg","locations":[{"start":{"line":11,"column":59},"end":{"line":11,"column":71}}],"line":11},"1":{"loc":{"start":{"line":12,"column":2},"end":{"line":12,"column":null}},"type":"if","locations":[{"start":{"line":12,"column":2},"end":{"line":12,"column":null}},{"start":{},"end":{}}],"line":12},"2":{"loc":{"start":{"line":13,"column":9},"end":{"line":13,"column":null}},"type":"cond-expr","locations":[{"start":{"line":13,"column":34},"end":{"line":13,"column":66}},{"start":{"line":13,"column":66},"end":{"line":13,"column":null}}],"line":13},"3":{"loc":{"start":{"line":17,"column":2},"end":{"line":17,"column":null}},"type":"if","locations":[{"start":{"line":17,"column":2},"end":{"line":17,"column":null}},{"start":{},"end":{}}],"line":17},"4":{"loc":{"start":{"line":18,"column":2},"end":{"line":18,"column":null}},"type":"if","locations":[{"start":{"line":18,"column":2},"end":{"line":18,"column":null}},{"start":{},"end":{}}],"line":18},"5":{"loc":{"start":{"line":31,"column":2},"end":{"line":31,"column":null}},"type":"if","locations":[{"start":{"line":31,"column":2},"end":{"line":31,"column":null}},{"start":{},"end":{}}],"line":31},"6":{"loc":{"start":{"line":35,"column":8},"end":{"line":38,"column":null}},"type":"binary-expr","locations":[{"start":{"line":35,"column":8},"end":{"line":35,"column":21}},{"start":{"line":35,"column":21},"end":{"line":35,"column":44}},{"start":{"line":35,"column":44},"end":{"line":35,"column":null}},{"start":{"line":36,"column":8},"end":{"line":38,"column":null}}],"line":35},"7":{"loc":{"start":{"line":37,"column":27},"end":{"line":37,"column":86}},"type":"binary-expr","locations":[{"start":{"line":37,"column":27},"end":{"line":37,"column":40}},{"start":{"line":37,"column":40},"end":{"line":37,"column":63}},{"start":{"line":37,"column":63},"end":{"line":37,"column":86}}],"line":37},"8":{"loc":{"start":{"line":52,"column":13},"end":{"line":100,"column":null}},"type":"cond-expr","locations":[{"start":{"line":53,"column":14},"end":{"line":59,"column":24}},{"start":{"line":59,"column":14},"end":{"line":100,"column":null}}],"line":52},"9":{"loc":{"start":{"line":65,"column":39},"end":{"line":65,"column":61}},"type":"binary-expr","locations":[{"start":{"line":65,"column":39},"end":{"line":65,"column":53}},{"start":{"line":65,"column":53},"end":{"line":65,"column":61}}],"line":65},"10":{"loc":{"start":{"line":66,"column":45},"end":{"line":66,"column":null}},"type":"binary-expr","locations":[{"start":{"line":66,"column":45},"end":{"line":66,"column":67}},{"start":{"line":66,"column":67},"end":{"line":66,"column":null}}],"line":66},"11":{"loc":{"start":{"line":70,"column":21},"end":{"line":70,"column":null}},"type":"cond-expr","locations":[{"start":{"line":70,"column":29},"end":{"line":70,"column":75}},{"start":{"line":70,"column":75},"end":{"line":70,"column":null}}],"line":70},"12":{"loc":{"start":{"line":73,"column":21},"end":{"line":78,"column":29}},"type":"binary-expr","locations":[{"start":{"line":73,"column":21},"end":{"line":73,"column":null}},{"start":{"line":74,"column":22},"end":{"line":78,"column":29}}],"line":73},"13":{"loc":{"start":{"line":78,"column":21},"end":{"line":98,"column":null}},"type":"cond-expr","locations":[{"start":{"line":79,"column":22},"end":{"line":88,"column":23}},{"start":{"line":88,"column":22},"end":{"line":98,"column":null}}],"line":78}},"s":{"0":14,"1":0,"2":14,"3":2,"4":2,"5":0,"6":0,"7":0,"8":8,"9":8,"10":8,"11":8,"12":8,"13":8,"14":0,"15":8,"16":14,"17":1,"18":1,"19":1},"f":{"0":14,"1":2,"2":8,"3":14,"4":1,"5":1,"6":1},"b":{"0":[14],"1":[0,14],"2":[14,0],"3":[2,0],"4":[0,0],"5":[0,8],"6":[8,7,6,2],"7":[2,1,0],"8":[1,7],"9":[14,0],"10":[14,0],"11":[14,0],"12":[14,7],"13":[7,7]},"meta":{"lastBranch":14,"lastFunction":7,"lastStatement":20,"seen":{"f:11:9:11:27":0,"b:11:59:11:71":0,"b:12:2:12:Infinity:undefined:undefined:undefined:undefined":1,"s:12:2:12:Infinity":0,"s:12:18:12:Infinity":1,"s:13:2:13:Infinity":2,"b:13:34:13:66:13:66:13:Infinity":2,"f:16:9:16:25":1,"b:17:2:17:Infinity:undefined:undefined:undefined:undefined":3,"s:17:2:17:Infinity":3,"s:17:33:17:Infinity":4,"b:18:2:18:Infinity:undefined:undefined:undefined:undefined":4,"s:18:2:18:Infinity":5,"s:18:30:18:Infinity":6,"s:19:2:19:Infinity":7,"f:22:16:22:34":2,"s:23:10:23:Infinity":8,"s:24:44:24:Infinity":9,"s:25:8:25:Infinity":10,"s:26:8:26:Infinity":11,"s:29:8:29:Infinity":12,"b:31:2:31:Infinity:undefined:undefined:undefined:undefined":5,"s:31:2:31:Infinity":13,"s:31:17:31:Infinity":14,"s:33:2:114:Infinity":15,"b:35:8:35:21:35:21:35:44:35:44:35:Infinity:36:8:38:Infinity":6,"b:37:27:37:40:37:40:37:63:37:63:37:86":7,"b:53:14:59:24:59:14:100:Infinity":8,"f:59:24:59:29":3,"s:60:16:99:Infinity":16,"b:65:39:65:53:65:53:65:61":9,"b:66:45:66:67:66:67:66:Infinity":10,"b:70:29:70:75:70:75:70:Infinity":11,"b:73:21:73:Infinity:74:22:78:29":12,"b:79:22:88:23:88:22:98:Infinity":13,"f:81:24:81:39":4,"s:81:39:81:Infinity":17,"f:90:24:90:39":5,"s:90:39:90:Infinity":18,"f:108:8:108:23":6,"s:108:23:108:Infinity":19},"fnNames":{}}}
,"/home/savelii/projects/paragonka/frontend/src/features/auth/hooks/useAuth.ts": {"path":"/home/savelii/projects/paragonka/frontend/src/features/auth/hooks/useAuth.ts","statementMap":{"0":{"start":{"line":7,"column":8},"end":{"line":7,"column":null}},"1":{"start":{"line":8,"column":8},"end":{"line":8,"column":null}},"2":{"start":{"line":9,"column":8},"end":{"line":9,"column":null}},"3":{"start":{"line":9,"column":38},"end":{"line":9,"column":47}},"4":{"start":{"line":11,"column":2},"end":{"line":20,"column":null}},"5":{"start":{"line":14,"column":6},"end":{"line":14,"column":null}},"6":{"start":{"line":14,"column":21},"end":{"line":14,"column":null}},"7":{"start":{"line":17,"column":20},"end":{"line":17,"column":null}},"8":{"start":{"line":18,"column":6},"end":{"line":18,"column":null}},"9":{"start":{"line":24,"column":8},"end":{"line":24,"column":null}},"10":{"start":{"line":25,"column":8},"end":{"line":25,"column":null}},"11":{"start":{"line":25,"column":38},"end":{"line":25,"column":47}},"12":{"start":{"line":27,"column":2},"end":{"line":33,"column":null}},"13":{"start":{"line":30,"column":6},"end":{"line":30,"column":null}},"14":{"start":{"line":30,"column":21},"end":{"line":30,"column":null}},"15":{"start":{"line":31,"column":6},"end":{"line":31,"column":null}},"16":{"start":{"line":37,"column":8},"end":{"line":37,"column":null}},"17":{"start":{"line":38,"column":8},"end":{"line":38,"column":null}},"18":{"start":{"line":38,"column":37},"end":{"line":38,"column":45}},"19":{"start":{"line":40,"column":2},"end":{"line":48,"column":null}},"20":{"start":{"line":41,"column":4},"end":{"line":45,"column":null}},"21":{"start":{"line":42,"column":6},"end":{"line":42,"column":null}},"22":{"start":{"line":46,"column":4},"end":{"line":46,"column":null}},"23":{"start":{"line":47,"column":4},"end":{"line":47,"column":null}},"24":{"start":{"line":52,"column":2},"end":{"line":54,"column":null}},"25":{"start":{"line":58,"column":2},"end":{"line":60,"column":null}},"26":{"start":{"line":64,"column":8},"end":{"line":64,"column":null}},"27":{"start":{"line":65,"column":8},"end":{"line":65,"column":null}},"28":{"start":{"line":65,"column":37},"end":{"line":65,"column":45}},"29":{"start":{"line":67,"column":2},"end":{"line":75,"column":null}},"30":{"start":{"line":72,"column":6},"end":{"line":72,"column":null}},"31":{"start":{"line":73,"column":6},"end":{"line":73,"column":null}},"32":{"start":{"line":79,"column":2},"end":{"line":82,"column":null}},"33":{"start":{"line":86,"column":8},"end":{"line":86,"column":null}},"34":{"start":{"line":88,"column":2},"end":{"line":91,"column":null}},"35":{"start":{"line":89,"column":39},"end":{"line":89,"column":null}},"36":{"start":{"line":90,"column":21},"end":{"line":90,"column":null}},"37":{"start":{"line":95,"column":24},"end":{"line":95,"column":null}},"38":{"start":{"line":97,"column":2},"end":{"line":102,"column":null}},"39":{"start":{"line":98,"column":22},"end":{"line":98,"column":null}},"40":{"start":{"line":101,"column":21},"end":{"line":101,"column":null}}},"fnMap":{"0":{"name":"useLogin","decl":{"start":{"line":6,"column":16},"end":{"line":6,"column":27}},"loc":{"start":{"line":6,"column":27},"end":{"line":21,"column":null}},"line":6},"1":{"name":"(anonymous_1)","decl":{"start":{"line":9,"column":18},"end":{"line":9,"column":32}},"loc":{"start":{"line":9,"column":38},"end":{"line":9,"column":47}},"line":9},"2":{"name":"(anonymous_2)","decl":{"start":{"line":13,"column":4},"end":{"line":13,"column":16}},"loc":{"start":{"line":13,"column":25},"end":{"line":19,"column":null}},"line":13},"3":{"name":"useRegister","decl":{"start":{"line":23,"column":16},"end":{"line":23,"column":30}},"loc":{"start":{"line":23,"column":30},"end":{"line":34,"column":null}},"line":23},"4":{"name":"(anonymous_4)","decl":{"start":{"line":25,"column":18},"end":{"line":25,"column":32}},"loc":{"start":{"line":25,"column":38},"end":{"line":25,"column":47}},"line":25},"5":{"name":"(anonymous_5)","decl":{"start":{"line":29,"column":4},"end":{"line":29,"column":16}},"loc":{"start":{"line":29,"column":25},"end":{"line":32,"column":null}},"line":29},"6":{"name":"useLogout","decl":{"start":{"line":36,"column":16},"end":{"line":36,"column":28}},"loc":{"start":{"line":36,"column":28},"end":{"line":49,"column":null}},"line":36},"7":{"name":"(anonymous_7)","decl":{"start":{"line":38,"column":17},"end":{"line":38,"column":31}},"loc":{"start":{"line":38,"column":37},"end":{"line":38,"column":45}},"line":38},"8":{"name":"(anonymous_8)","decl":{"start":{"line":40,"column":9},"end":{"line":40,"column":21}},"loc":{"start":{"line":40,"column":21},"end":{"line":48,"column":null}},"line":40},"9":{"name":"useForgotPassword","decl":{"start":{"line":51,"column":16},"end":{"line":51,"column":36}},"loc":{"start":{"line":51,"column":36},"end":{"line":55,"column":null}},"line":51},"10":{"name":"useResetPassword","decl":{"start":{"line":57,"column":16},"end":{"line":57,"column":35}},"loc":{"start":{"line":57,"column":35},"end":{"line":61,"column":null}},"line":57},"11":{"name":"useChangePassword","decl":{"start":{"line":63,"column":16},"end":{"line":63,"column":36}},"loc":{"start":{"line":63,"column":36},"end":{"line":76,"column":null}},"line":63},"12":{"name":"(anonymous_12)","decl":{"start":{"line":65,"column":17},"end":{"line":65,"column":31}},"loc":{"start":{"line":65,"column":37},"end":{"line":65,"column":45}},"line":65},"13":{"name":"(anonymous_13)","decl":{"start":{"line":71,"column":4},"end":{"line":71,"column":21}},"loc":{"start":{"line":71,"column":21},"end":{"line":74,"column":null}},"line":71},"14":{"name":"useAuthSessions","decl":{"start":{"line":78,"column":16},"end":{"line":78,"column":34}},"loc":{"start":{"line":78,"column":34},"end":{"line":83,"column":null}},"line":78},"15":{"name":"useRevokeSession","decl":{"start":{"line":85,"column":16},"end":{"line":85,"column":35}},"loc":{"start":{"line":85,"column":35},"end":{"line":92,"column":null}},"line":85},"16":{"name":"(anonymous_16)","decl":{"start":{"line":89,"column":4},"end":{"line":89,"column":17}},"loc":{"start":{"line":89,"column":39},"end":{"line":89,"column":null}},"line":89},"17":{"name":"(anonymous_17)","decl":{"start":{"line":90,"column":4},"end":{"line":90,"column":21}},"loc":{"start":{"line":90,"column":21},"end":{"line":90,"column":null}},"line":90},"18":{"name":"useRevokeAllSessions","decl":{"start":{"line":94,"column":16},"end":{"line":94,"column":39}},"loc":{"start":{"line":94,"column":39},"end":{"line":103,"column":null}},"line":94},"19":{"name":"(anonymous_19)","decl":{"start":{"line":98,"column":4},"end":{"line":98,"column":22}},"loc":{"start":{"line":98,"column":22},"end":{"line":98,"column":null}},"line":98},"20":{"name":"(anonymous_20)","decl":{"start":{"line":101,"column":4},"end":{"line":101,"column":21}},"loc":{"start":{"line":101,"column":21},"end":{"line":101,"column":null}},"line":101}},"branchMap":{"0":{"loc":{"start":{"line":14,"column":6},"end":{"line":14,"column":null}},"type":"if","locations":[{"start":{"line":14,"column":6},"end":{"line":14,"column":null}},{"start":{},"end":{}}],"line":14},"1":{"loc":{"start":{"line":18,"column":15},"end":{"line":18,"column":87}},"type":"cond-expr","locations":[{"start":{"line":18,"column":66},"end":{"line":18,"column":73}},{"start":{"line":18,"column":73},"end":{"line":18,"column":87}}],"line":18},"2":{"loc":{"start":{"line":18,"column":15},"end":{"line":18,"column":66}},"type":"binary-expr","locations":[{"start":{"line":18,"column":15},"end":{"line":18,"column":43}},{"start":{"line":18,"column":43},"end":{"line":18,"column":66}}],"line":18},"3":{"loc":{"start":{"line":30,"column":6},"end":{"line":30,"column":null}},"type":"if","locations":[{"start":{"line":30,"column":6},"end":{"line":30,"column":null}},{"start":{},"end":{}}],"line":30}},"s":{"0":6,"1":6,"2":6,"3":19,"4":6,"5":1,"6":1,"7":1,"8":1,"9":0,"10":0,"11":0,"12":0,"13":0,"14":0,"15":0,"16":0,"17":0,"18":0,"19":0,"20":0,"21":0,"22":0,"23":0,"24":0,"25":0,"26":4,"27":4,"28":13,"29":4,"30":1,"31":1,"32":0,"33":0,"34":0,"35":0,"36":0,"37":0,"38":0,"39":0,"40":0},"f":{"0":6,"1":19,"2":1,"3":0,"4":0,"5":0,"6":0,"7":0,"8":0,"9":0,"10":0,"11":4,"12":13,"13":1,"14":0,"15":0,"16":0,"17":0,"18":0,"19":0,"20":0},"b":{"0":[1,0],"1":[1,0],"2":[1,1],"3":[0,0]},"meta":{"lastBranch":4,"lastFunction":21,"lastStatement":41,"seen":{"f:6:16:6:27":0,"s:7:8:7:Infinity":0,"s:8:8:8:Infinity":1,"s:9:8:9:Infinity":2,"f:9:18:9:32":1,"s:9:38:9:47":3,"s:11:2:20:Infinity":4,"f:13:4:13:16":2,"b:14:6:14:Infinity:undefined:undefined:undefined:undefined":0,"s:14:6:14:Infinity":5,"s:14:21:14:Infinity":6,"s:17:20:17:Infinity":7,"s:18:6:18:Infinity":8,"b:18:66:18:73:18:73:18:87":1,"b:18:15:18:43:18:43:18:66":2,"f:23:16:23:30":3,"s:24:8:24:Infinity":9,"s:25:8:25:Infinity":10,"f:25:18:25:32":4,"s:25:38:25:47":11,"s:27:2:33:Infinity":12,"f:29:4:29:16":5,"b:30:6:30:Infinity:undefined:undefined:undefined:undefined":3,"s:30:6:30:Infinity":13,"s:30:21:30:Infinity":14,"s:31:6:31:Infinity":15,"f:36:16:36:28":6,"s:37:8:37:Infinity":16,"s:38:8:38:Infinity":17,"f:38:17:38:31":7,"s:38:37:38:45":18,"s:40:2:48:Infinity":19,"f:40:9:40:21":8,"s:41:4:45:Infinity":20,"s:42:6:42:Infinity":21,"s:46:4:46:Infinity":22,"s:47:4:47:Infinity":23,"f:51:16:51:36":9,"s:52:2:54:Infinity":24,"f:57:16:57:35":10,"s:58:2:60:Infinity":25,"f:63:16:63:36":11,"s:64:8:64:Infinity":26,"s:65:8:65:Infinity":27,"f:65:17:65:31":12,"s:65:37:65:45":28,"s:67:2:75:Infinity":29,"f:71:4:71:21":13,"s:72:6:72:Infinity":30,"s:73:6:73:Infinity":31,"f:78:16:78:34":14,"s:79:2:82:Infinity":32,"f:85:16:85:35":15,"s:86:8:86:Infinity":33,"s:88:2:91:Infinity":34,"f:89:4:89:17":16,"s:89:39:89:Infinity":35,"f:90:4:90:21":17,"s:90:21:90:Infinity":36,"f:94:16:94:39":18,"s:95:24:95:Infinity":37,"s:97:2:102:Infinity":38,"f:98:4:98:22":19,"s:98:22:98:Infinity":39,"f:101:4:101:21":20,"s:101:21:101:Infinity":40},"fnNames":{}}}
,"/home/savelii/projects/paragonka/frontend/src/features/clients/api.ts": {"path":"/home/savelii/projects/paragonka/frontend/src/features/clients/api.ts","statementMap":{"0":{"start":{"line":9,"column":61},"end":{"line":9,"column":null}},"1":{"start":{"line":10,"column":2},"end":{"line":10,"column":null}},"2":{"start":{"line":10,"column":21},"end":{"line":10,"column":null}},"3":{"start":{"line":11,"column":2},"end":{"line":11,"column":null}},"4":{"start":{"line":11,"column":20},"end":{"line":11,"column":null}},"5":{"start":{"line":12,"column":2},"end":{"line":12,"column":null}},"6":{"start":{"line":12,"column":19},"end":{"line":12,"column":null}},"7":{"start":{"line":13,"column":2},"end":{"line":13,"column":null}},"8":{"start":{"line":13,"column":19},"end":{"line":13,"column":null}},"9":{"start":{"line":14,"column":2},"end":{"line":14,"column":null}},"10":{"start":{"line":14,"column":22},"end":{"line":14,"column":null}},"11":{"start":{"line":15,"column":2},"end":{"line":15,"column":null}},"12":{"start":{"line":15,"column":20},"end":{"line":15,"column":null}},"13":{"start":{"line":17,"column":19},"end":{"line":17,"column":null}},"14":{"start":{"line":18,"column":2},"end":{"line":18,"column":null}},"15":{"start":{"line":22,"column":19},"end":{"line":22,"column":null}},"16":{"start":{"line":23,"column":2},"end":{"line":23,"column":null}},"17":{"start":{"line":27,"column":19},"end":{"line":29,"column":null}},"18":{"start":{"line":30,"column":2},"end":{"line":30,"column":null}},"19":{"start":{"line":34,"column":19},"end":{"line":36,"column":null}},"20":{"start":{"line":37,"column":2},"end":{"line":37,"column":null}},"21":{"start":{"line":45,"column":19},"end":{"line":47,"column":null}},"22":{"start":{"line":48,"column":2},"end":{"line":48,"column":null}},"23":{"start":{"line":52,"column":2},"end":{"line":54,"column":null}}},"fnMap":{"0":{"name":"getClients","decl":{"start":{"line":5,"column":22},"end":{"line":5,"column":null}},"loc":{"start":{"line":8,"column":38},"end":{"line":19,"column":null}},"line":8},"1":{"name":"getAllClients","decl":{"start":{"line":21,"column":22},"end":{"line":21,"column":36}},"loc":{"start":{"line":21,"column":70},"end":{"line":24,"column":null}},"line":21},"2":{"name":"getClient","decl":{"start":{"line":26,"column":22},"end":{"line":26,"column":32}},"loc":{"start":{"line":26,"column":76},"end":{"line":31,"column":null}},"line":26},"3":{"name":"createClient","decl":{"start":{"line":33,"column":22},"end":{"line":33,"column":35}},"loc":{"start":{"line":33,"column":88},"end":{"line":38,"column":null}},"line":33},"4":{"name":"updateClient","decl":{"start":{"line":40,"column":22},"end":{"line":40,"column":null}},"loc":{"start":{"line":44,"column":19},"end":{"line":49,"column":null}},"line":44},"5":{"name":"deleteClient","decl":{"start":{"line":51,"column":22},"end":{"line":51,"column":35}},"loc":{"start":{"line":51,"column":77},"end":{"line":55,"column":null}},"line":51}},"branchMap":{"0":{"loc":{"start":{"line":10,"column":2},"end":{"line":10,"column":null}},"type":"if","locations":[{"start":{"line":10,"column":2},"end":{"line":10,"column":null}},{"start":{},"end":{}}],"line":10},"1":{"loc":{"start":{"line":11,"column":2},"end":{"line":11,"column":null}},"type":"if","locations":[{"start":{"line":11,"column":2},"end":{"line":11,"column":null}},{"start":{},"end":{}}],"line":11},"2":{"loc":{"start":{"line":12,"column":2},"end":{"line":12,"column":null}},"type":"if","locations":[{"start":{"line":12,"column":2},"end":{"line":12,"column":null}},{"start":{},"end":{}}],"line":12},"3":{"loc":{"start":{"line":13,"column":2},"end":{"line":13,"column":null}},"type":"if","locations":[{"start":{"line":13,"column":2},"end":{"line":13,"column":null}},{"start":{},"end":{}}],"line":13},"4":{"loc":{"start":{"line":14,"column":2},"end":{"line":14,"column":null}},"type":"if","locations":[{"start":{"line":14,"column":2},"end":{"line":14,"column":null}},{"start":{},"end":{}}],"line":14},"5":{"loc":{"start":{"line":15,"column":2},"end":{"line":15,"column":null}},"type":"if","locations":[{"start":{"line":15,"column":2},"end":{"line":15,"column":null}},{"start":{},"end":{}}],"line":15}},"s":{"0":2,"1":2,"2":1,"3":2,"4":2,"5":2,"6":0,"7":2,"8":1,"9":2,"10":0,"11":2,"12":0,"13":2,"14":2,"15":1,"16":1,"17":1,"18":1,"19":1,"20":1,"21":1,"22":1,"23":1},"f":{"0":2,"1":1,"2":1,"3":1,"4":1,"5":1},"b":{"0":[1,1],"1":[2,0],"2":[0,2],"3":[1,1],"4":[0,2],"5":[0,2]},"meta":{"lastBranch":6,"lastFunction":6,"lastStatement":24,"seen":{"f:5:22:5:Infinity":0,"s:9:61:9:Infinity":0,"b:10:2:10:Infinity:undefined:undefined:undefined:undefined":0,"s:10:2:10:Infinity":1,"s:10:21:10:Infinity":2,"b:11:2:11:Infinity:undefined:undefined:undefined:undefined":1,"s:11:2:11:Infinity":3,"s:11:20:11:Infinity":4,"b:12:2:12:Infinity:undefined:undefined:undefined:undefined":2,"s:12:2:12:Infinity":5,"s:12:19:12:Infinity":6,"b:13:2:13:Infinity:undefined:undefined:undefined:undefined":3,"s:13:2:13:Infinity":7,"s:13:19:13:Infinity":8,"b:14:2:14:Infinity:undefined:undefined:undefined:undefined":4,"s:14:2:14:Infinity":9,"s:14:22:14:Infinity":10,"b:15:2:15:Infinity:undefined:undefined:undefined:undefined":5,"s:15:2:15:Infinity":11,"s:15:20:15:Infinity":12,"s:17:19:17:Infinity":13,"s:18:2:18:Infinity":14,"f:21:22:21:36":1,"s:22:19:22:Infinity":15,"s:23:2:23:Infinity":16,"f:26:22:26:32":2,"s:27:19:29:Infinity":17,"s:30:2:30:Infinity":18,"f:33:22:33:35":3,"s:34:19:36:Infinity":19,"s:37:2:37:Infinity":20,"f:40:22:40:Infinity":4,"s:45:19:47:Infinity":21,"s:48:2:48:Infinity":22,"f:51:22:51:35":5,"s:52:2:54:Infinity":23},"fnNames":{}}}
,"/home/savelii/projects/paragonka/frontend/src/features/clients/components/ClientCreateDialog.tsx": {"path":"/home/savelii/projects/paragonka/frontend/src/features/clients/components/ClientCreateDialog.tsx","statementMap":{"0":{"start":{"line":12,"column":6},"end":{"line":18,"column":null}},"1":{"start":{"line":13,"column":2},"end":{"line":18,"column":null}},"2":{"start":{"line":28,"column":10},"end":{"line":28,"column":null}},"3":{"start":{"line":29,"column":8},"end":{"line":29,"column":null}},"4":{"start":{"line":30,"column":23},"end":{"line":30,"column":null}},"5":{"start":{"line":31,"column":8},"end":{"line":31,"column":null}},"6":{"start":{"line":37,"column":4},"end":{"line":41,"column":null}},"7":{"start":{"line":43,"column":19},"end":{"line":50,"column":null}},"8":{"start":{"line":44,"column":4},"end":{"line":44,"column":null}},"9":{"start":{"line":44,"column":43},"end":{"line":44,"column":null}},"10":{"start":{"line":45,"column":34},"end":{"line":45,"column":null}},"11":{"start":{"line":46,"column":4},"end":{"line":46,"column":null}},"12":{"start":{"line":47,"column":4},"end":{"line":47,"column":null}},"13":{"start":{"line":48,"column":4},"end":{"line":48,"column":null}},"14":{"start":{"line":49,"column":4},"end":{"line":49,"column":null}},"15":{"start":{"line":52,"column":2},"end":{"line":141,"column":null}},"16":{"start":{"line":56,"column":8},"end":{"line":60,"column":null}},"17":{"start":{"line":57,"column":10},"end":{"line":57,"column":null}},"18":{"start":{"line":58,"column":10},"end":{"line":58,"column":null}},"19":{"start":{"line":59,"column":10},"end":{"line":59,"column":null}},"20":{"start":{"line":128,"column":16},"end":{"line":128,"column":null}},"21":{"start":{"line":129,"column":16},"end":{"line":129,"column":null}},"22":{"start":{"line":130,"column":16},"end":{"line":130,"column":null}}},"fnMap":{"0":{"name":"(anonymous_0)","decl":{"start":{"line":12,"column":6},"end":{"line":12,"column":27}},"loc":{"start":{"line":13,"column":2},"end":{"line":18,"column":null}},"line":13},"1":{"name":"ClientCreateDialog","decl":{"start":{"line":27,"column":16},"end":{"line":27,"column":35}},"loc":{"start":{"line":27,"column":84},"end":{"line":143,"column":null}},"line":27},"2":{"name":"(anonymous_2)","decl":{"start":{"line":43,"column":19},"end":{"line":43,"column":26}},"loc":{"start":{"line":43,"column":51},"end":{"line":50,"column":null}},"line":43},"3":{"name":"(anonymous_3)","decl":{"start":{"line":55,"column":6},"end":{"line":55,"column":21}},"loc":{"start":{"line":55,"column":33},"end":{"line":61,"column":null}},"line":55},"4":{"name":"(anonymous_4)","decl":{"start":{"line":127,"column":14},"end":{"line":127,"column":29}},"loc":{"start":{"line":127,"column":29},"end":{"line":131,"column":null}},"line":127}},"branchMap":{"0":{"loc":{"start":{"line":44,"column":4},"end":{"line":44,"column":null}},"type":"if","locations":[{"start":{"line":44,"column":4},"end":{"line":44,"column":null}},{"start":{},"end":{}}],"line":44},"1":{"loc":{"start":{"line":56,"column":8},"end":{"line":60,"column":null}},"type":"if","locations":[{"start":{"line":56,"column":8},"end":{"line":60,"column":null}},{"start":{},"end":{}}],"line":56},"2":{"loc":{"start":{"line":77,"column":13},"end":{"line":77,"column":null}},"type":"binary-expr","locations":[{"start":{"line":77,"column":13},"end":{"line":77,"column":28}},{"start":{"line":77,"column":28},"end":{"line":77,"column":null}}],"line":77},"3":{"loc":{"start":{"line":136,"column":15},"end":{"line":136,"column":null}},"type":"cond-expr","locations":[{"start":{"line":136,"column":40},"end":{"line":136,"column":59}},{"start":{"line":136,"column":59},"end":{"line":136,"column":null}}],"line":136}},"s":{"0":1,"1":30,"2":30,"3":30,"4":30,"5":30,"6":30,"7":30,"8":0,"9":0,"10":0,"11":0,"12":0,"13":0,"14":0,"15":30,"16":0,"17":0,"18":0,"19":0,"20":0,"21":0,"22":0},"f":{"0":30,"1":30,"2":0,"3":0,"4":0},"b":{"0":[0,0],"1":[0,0],"2":[30,0],"3":[0,30]},"meta":{"lastBranch":4,"lastFunction":5,"lastStatement":23,"seen":{"s:12:6:18:Infinity":0,"f:12:6:12:27":0,"s:13:2:18:Infinity":1,"f:27:16:27:35":1,"s:28:10:28:Infinity":2,"s:29:8:29:Infinity":3,"s:30:23:30:Infinity":4,"s:31:8:31:Infinity":5,"s:37:4:41:Infinity":6,"s:43:19:50:Infinity":7,"f:43:19:43:26":2,"b:44:4:44:Infinity:undefined:undefined:undefined:undefined":0,"s:44:4:44:Infinity":8,"s:44:43:44:Infinity":9,"s:45:34:45:Infinity":10,"s:46:4:46:Infinity":11,"s:47:4:47:Infinity":12,"s:48:4:48:Infinity":13,"s:49:4:49:Infinity":14,"s:52:2:141:Infinity":15,"f:55:6:55:21":3,"b:56:8:60:Infinity:undefined:undefined:undefined:undefined":1,"s:56:8:60:Infinity":16,"s:57:10:57:Infinity":17,"s:58:10:58:Infinity":18,"s:59:10:59:Infinity":19,"b:77:13:77:28:77:28:77:Infinity":2,"f:127:14:127:29":4,"s:128:16:128:Infinity":20,"s:129:16:129:Infinity":21,"s:130:16:130:Infinity":22,"b:136:40:136:59:136:59:136:Infinity":3},"fnNames":{}}}
[...]
nd":{"line":501,"column":3}},"line":484},"45":{"name":"(anonymous_45)","decl":{"start":{"line":486,"column":25},"end":{"line":486,"column":31}},"loc":{"start":{"line":486,"column":37},"end":{"line":486,"column":60}},"line":486},"46":{"name":"(anonymous_46)","decl":{"start":{"line":503,"column":11},"end":{"line":503,"column":38}},"loc":{"start":{"line":503,"column":54},"end":{"line":556,"column":3}},"line":503},"47":{"name":"(anonymous_47)","decl":{"start":{"line":558,"column":38},"end":{"line":558,"column":45}},"loc":{"start":{"line":558,"column":61},"end":{"line":580,"column":3}},"line":558},"48":{"name":"(anonymous_48)","decl":{"start":{"line":582,"column":14},"end":{"line":582,"column":59}},"loc":{"start":{"line":582,"column":59},"end":{"line":584,"column":3}},"line":582},"49":{"name":"(anonymous_49)","decl":{"start":{"line":586,"column":50},"end":{"line":586,"column":57}},"loc":{"start":{"line":586,"column":73},"end":{"line":598,"column":3}},"line":586},"50":{"name":"(anonymous_50)","decl":{"start":{"line":600,"column":58},"end":{"line":600,"column":70}},"loc":{"start":{"line":600,"column":70},"end":{"line":602,"column":3}},"line":600},"51":{"name":"(anonymous_51)","decl":{"start":{"line":604,"column":11},"end":{"line":604,"column":61}},"loc":{"start":{"line":604,"column":61},"end":{"line":606,"column":3}},"line":604},"52":{"name":"(anonymous_52)","decl":{"start":{"line":608,"column":14},"end":{"line":608,"column":42}},"loc":{"start":{"line":608,"column":42},"end":{"line":610,"column":3}},"line":608},"53":{"name":"(anonymous_53)","decl":{"start":{"line":612,"column":11},"end":{"line":612,"column":32}},"loc":{"start":{"line":612,"column":48},"end":{"line":654,"column":3}},"line":612},"54":{"name":"(anonymous_54)","decl":{"start":{"line":656,"column":11},"end":{"line":656,"column":41}},"loc":{"start":{"line":656,"column":41},"end":{"line":681,"column":3}},"line":656},"55":{"name":"(anonymous_55)","decl":{"start":{"line":683,"column":11},"end":{"line":683,"column":43}},"loc":{"start":{"line":683,"column":58},"end":{"line":695,"column":3}},"line":683},"56":{"name":"(anonymous_56)","decl":{"start":{"line":697,"column":32},"end":{"line":697,"column":39}},"loc":{"start":{"line":697,"column":55},"end":{"line":717,"column":3}},"line":697},"57":{"name":"(anonymous_57)","decl":{"start":{"line":719,"column":14},"end":{"line":719,"column":51}},"loc":{"start":{"line":719,"column":51},"end":{"line":721,"column":3}},"line":719},"58":{"name":"(anonymous_58)","decl":{"start":{"line":723,"column":11},"end":{"line":723,"column":54}},"loc":{"start":{"line":723,"column":54},"end":{"line":728,"column":3}},"line":723},"59":{"name":"(anonymous_59)","decl":{"start":{"line":730,"column":11},"end":{"line":730,"column":45}},"loc":{"start":{"line":730,"column":45},"end":{"line":744,"column":3}},"line":730},"60":{"name":"(anonymous_60)","decl":{"start":{"line":746,"column":12},"end":{"line":746,"column":44}},"loc":{"start":{"line":746,"column":44},"end":{"line":748,"column":3}},"line":746},"61":{"name":"(anonymous_61)","decl":{"start":{"line":750,"column":12},"end":{"line":750,"column":44}},"loc":{"start":{"line":750,"column":44},"end":{"line":752,"column":3}},"line":750}},"branchMap":{"0":{"loc":{"start":{"line":234,"column":21},"end":{"line":236,"column":null}},"type":"cond-expr","locations":[{"start":{"line":235,"column":8},"end":{"line":235,"column":null}},{"start":{"line":236,"column":8},"end":{"line":236,"column":null}}],"line":234},"1":{"loc":{"start":{"line":270,"column":15},"end":{"line":270,"column":null}},"type":"binary-expr","locations":[{"start":{"line":270,"column":15},"end":{"line":270,"column":31}},{"start":{"line":270,"column":31},"end":{"line":270,"column":null}}],"line":270},"2":{"loc":{"start":{"line":271,"column":13},"end":{"line":271,"column":null}},"type":"binary-expr","locations":[{"start":{"line":271,"column":13},"end":{"line":271,"column":27}},{"start":{"line":271,"column":27},"end":{"line":271,"column":null}}],"line":271},"3":{"loc":{"start":{"line":272,"column":13},"end":{"line":272,"column":null}},"type":"binary-expr","locations":[{"start":{"line":272,"column":13},"end":{"line":272,"column":27}},{"start":{"line":272,"column":27},"end":{"line":272,"column":null}}],"line":272},"4":{"loc":{"start":{"line":283,"column":12},"end":{"line":283,"column":null}},"type":"binary-expr","locations":[{"start":{"line":283,"column":12},"end":{"line":283,"column":25}},{"start":{"line":283,"column":25},"end":{"line":283,"column":null}}],"line":283},"5":{"loc":{"start":{"line":297,"column":21},"end":{"line":299,"column":null}},"type":"cond-expr","locations":[{"start":{"line":298,"column":8},"end":{"line":298,"column":null}},{"start":{"line":299,"column":8},"end":{"line":299,"column":null}}],"line":297},"6":{"loc":{"start":{"line":367,"column":16},"end":{"line":367,"column":null}},"type":"binary-expr","locations":[{"start":{"line":367,"column":16},"end":{"line":367,"column":33}},{"start":{"line":367,"column":33},"end":{"line":367,"column":null}}],"line":367},"7":{"loc":{"start":{"line":368,"column":12},"end":{"line":368,"column":null}},"type":"binary-expr","locations":[{"start":{"line":368,"column":12},"end":{"line":368,"column":25}},{"start":{"line":368,"column":25},"end":{"line":368,"column":null}}],"line":368},"8":{"loc":{"start":{"line":369,"column":20},"end":{"line":369,"column":null}},"type":"binary-expr","locations":[{"start":{"line":369,"column":20},"end":{"line":369,"column":41}},{"start":{"line":369,"column":41},"end":{"line":369,"column":null}}],"line":369},"9":{"loc":{"start":{"line":370,"column":14},"end":{"line":370,"column":31}},"type":"binary-expr","locations":[{"start":{"line":370,"column":14},"end":{"line":370,"column":28}},{"start":{"line":370,"column":28},"end":{"line":370,"column":31}}],"line":370},"10":{"loc":{"start":{"line":371,"column":19},"end":{"line":371,"column":41}},"type":"binary-expr","locations":[{"start":{"line":371,"column":19},"end":{"line":371,"column":38}},{"start":{"line":371,"column":38},"end":{"line":371,"column":41}}],"line":371},"11":{"loc":{"start":{"line":386,"column":12},"end":{"line":386,"column":null}},"type":"binary-expr","locations":[{"start":{"line":386,"column":12},"end":{"line":386,"column":25}},{"start":{"line":386,"column":25},"end":{"line":386,"column":null}}],"line":386},"12":{"loc":{"start":{"line":406,"column":21},"end":{"line":406,"column":null}},"type":"cond-expr","locations":[{"start":{"line":406,"column":30},"end":{"line":406,"column":82}},{"start":{"line":406,"column":82},"end":{"line":406,"column":null}}],"line":406},"13":{"loc":{"start":{"line":418,"column":4},"end":{"line":420,"column":null}},"type":"if","locations":[{"start":{"line":418,"column":4},"end":{"line":420,"column":null}},{"start":{},"end":{}}],"line":418},"14":{"loc":{"start":{"line":443,"column":17},"end":{"line":443,"column":null}},"type":"binary-expr","locations":[{"start":{"line":443,"column":17},"end":{"line":443,"column":35}},{"start":{"line":443,"column":35},"end":{"line":443,"column":null}}],"line":443},"15":{"loc":{"start":{"line":446,"column":22},"end":{"line":446,"column":null}},"type":"binary-expr","locations":[{"start":{"line":446,"column":22},"end":{"line":446,"column":45}},{"start":{"line":446,"column":45},"end":{"line":446,"column":87}},{"start":{"line":446,"column":87},"end":{"line":446,"column":null}}],"line":446},"16":{"loc":{"start":{"line":447,"column":13},"end":{"line":447,"column":null}},"type":"binary-expr","locations":[{"start":{"line":447,"column":13},"end":{"line":447,"column":27}},{"start":{"line":447,"column":27},"end":{"line":447,"column":null}}],"line":447},"17":{"loc":{"start":{"line":448,"column":21},"end":{"line":448,"column":null}},"type":"binary-expr","locations":[{"start":{"line":448,"column":21},"end":{"line":448,"column":43}},{"start":{"line":448,"column":43},"end":{"line":448,"column":null}}],"line":448},"18":{"loc":{"start":{"line":467,"column":18},"end":{"line":467,"column":null}},"type":"binary-expr","locations":[{"start":{"line":467,"column":18},"end":{"line":467,"column":37}},{"start":{"line":467,"column":37},"end":{"line":467,"column":null}}],"line":467},"19":{"loc":{"start":{"line":469,"column":13},"end":{"line":469,"column":null}},"type":"binary-expr","locations":[{"start":{"line":469,"column":13},"end":{"line":469,"column":27}},{"start":{"line":469,"column":27},"end":{"line":469,"column":null}}],"line":469},"20":{"loc":{"start":{"line":470,"column":11},"end":{"line":470,"column":null}},"type":"binary-expr","locations":[{"start":{"line":470,"column":11},"end":{"line":470,"column":23}},{"start":{"line":470,"column":23},"end":{"line":470,"column":null}}],"line":470},"21":{"loc":{"start":{"line":473,"column":4},"end":{"line":476,"column":null}},"type":"if","locations":[{"start":{"line":473,"column":4},"end":{"line":476,"column":null}},{"start":{},"end":{}}],"line":473},"22":{"loc":{"start":{"line":487,"column":4},"end":{"line":491,"column":null}},"type":"if","locations":[{"start":{"line":487,"column":4},"end":{"line":491,"column":null}},{"start":{},"end":{}}],"line":487},"23":{"loc":{"start":{"line":507,"column":6},"end":{"line":554,"column":null}},"type":"cond-expr","locations":[{"start":{"line":508,"column":10},"end":{"line":529,"column":null}},{"start":{"line":530,"column":10},"end":{"line":554,"column":null}}],"line":507},"24":{"loc":{"start":{"line":530,"column":10},"end":{"line":554,"column":null}},"type":"cond-expr","locations":[{"start":{"line":531,"column":12},"end":{"line":542,"column":null}},{"start":{"line":543,"column":12},"end":{"line":554,"column":null}}],"line":530},"25":{"loc":{"start":{"line":574,"column":20},"end":{"line":574,"column":null}},"type":"binary-expr","locations":[{"start":{"line":574,"column":20},"end":{"line":574,"column":39}},{"start":{"line":574,"column":39},"end":{"line":574,"column":null}}],"line":574},"26":{"loc":{"start":{"line":575,"column":21},"end":{"line":575,"column":null}},"type":"binary-expr","locations":[{"start":{"line":575,"column":21},"end":{"line":575,"column":41}},{"start":{"line":575,"column":41},"end":{"line":575,"column":null}}],"line":575},"27":{"loc":{"start":{"line":576,"column":23},"end":{"line":576,"column":null}},"type":"binary-expr","locations":[{"start":{"line":576,"column":23},"end":{"line":576,"column":45}},{"start":{"line":576,"column":45},"end":{"line":576,"column":null}}],"line":576},"28":{"loc":{"start":{"line":593,"column":16},"end":{"line":593,"column":null}},"type":"binary-expr","locations":[{"start":{"line":593,"column":16},"end":{"line":593,"column":31}},{"start":{"line":593,"column":31},"end":{"line":593,"column":null}}],"line":593},"29":{"loc":{"start":{"line":615,"column":21},"end":{"line":652,"column":null}},"type":"cond-expr","locations":[{"start":{"line":616,"column":8},"end":{"line":628,"column":null}},{"start":{"line":629,"column":8},"end":{"line":652,"column":null}}],"line":615},"30":{"loc":{"start":{"line":709,"column":22},"end":{"line":709,"column":null}},"type":"binary-expr","locations":[{"start":{"line":709,"column":22},"end":{"line":709,"column":43}},{"start":{"line":709,"column":43},"end":{"line":709,"column":null}}],"line":709},"31":{"loc":{"start":{"line":711,"column":16},"end":{"line":711,"column":null}},"type":"binary-expr","locations":[{"start":{"line":711,"column":16},"end":{"line":711,"column":31}},{"start":{"line":711,"column":31},"end":{"line":711,"column":null}}],"line":711},"32":{"loc":{"start":{"line":713,"column":15},"end":{"line":713,"column":null}},"type":"binary-expr","locations":[{"start":{"line":713,"column":15},"end":{"line":713,"column":29}},{"start":{"line":713,"column":29},"end":{"line":713,"column":null}}],"line":713}},"s":{"0":64,"1":64,"2":64,"3":64,"4":64,"5":64,"6":64,"7":64,"8":64,"9":64,"10":64,"11":0,"12":0,"13":0,"14":0,"15":1,"16":0,"17":0,"18":0,"19":0,"20":0,"21":0,"22":1,"23":0,"24":0,"25":5,"26":0,"27":0,"28":0,"29":0,"30":0,"31":0,"32":0,"33":0,"34":0,"35":0,"36":0,"37":0,"38":0,"39":0,"40":0,"41":0,"42":0,"43":0,"44":0,"45":0,"46":0,"47":0,"48":0,"49":0,"50":5,"51":5,"52":5,"53":0,"54":5,"55":0,"56":0,"57":0,"58":0,"59":0,"60":0,"61":0,"62":0,"63":0,"64":0,"65":0,"66":0,"67":0,"68":0,"69":0,"70":0,"71":0,"72":0,"73":0,"74":0,"75":0,"76":0,"77":0,"78":0,"79":0,"80":0,"81":0,"82":0,"83":0,"84":0,"85":0,"86":0,"87":0,"88":0,"89":0,"90":0,"91":0,"92":0,"93":0,"94":0,"95":0,"96":0,"97":0,"98":0,"99":0,"100":0,"101":0,"102":0,"103":0,"104":9,"105":9,"106":9,"107":9,"108":0,"109":0,"110":0,"111":0,"112":0,"113":0,"114":0,"115":0,"116":0,"117":0,"118":0,"119":0,"120":0,"121":0,"122":0,"123":0,"124":0,"125":0,"126":0,"127":0,"128":0},"f":{"0":0,"1":0,"2":0,"3":0,"4":1,"5":0,"6":0,"7":0,"8":0,"9":1,"10":0,"11":5,"12":0,"13":0,"14":0,"15":0,"16":0,"17":0,"18":0,"19":0,"20":0,"21":0,"22":0,"23":0,"24":0,"25":0,"26":5,"27":0,"28":0,"29":0,"30":0,"31":0,"32":0,"33":0,"34":0,"35":0,"36":0,"37":0,"38":0,"39":0,"40":0,"41":0,"42":0,"43":0,"44":0,"45":0,"46":9,"47":0,"48":0,"49":0,"50":0,"51":0,"52":0,"53":0,"54":0,"55":0,"56":0,"57":0,"58":0,"59":0,"60":0,"61":0},"b":{"0":[0,0],"1":[0,0],"2":[0,0],"3":[0,0],"4":[0,0],"5":[0,5],"6":[0,0],"7":[0,0],"8":[0,0],"9":[0,0],"10":[0,0],"11":[0,0],"12":[0,0],"13":[0,0],"14":[0,0],"15":[0,0,0],"16":[0,0],"17":[0,0],"18":[0,0],"19":[0,0],"20":[0,0],"21":[0,0],"22":[0,0],"23":[4,5],"24":[4,1],"25":[0,0],"26":[0,0],"27":[0,0],"28":[0,0],"29":[0,0],"30":[0,0],"31":[0,0],"32":[0,0]},"meta":{"lastBranch":33,"lastFunction":62,"lastStatement":129,"seen":{"s:3:18:3:Infinity":0,"s:5:20:8:Infinity":1,"s:10:21:39:Infinity":2,"s:60:32:81:Infinity":3,"s:83:16:83:Infinity":4,"s:84:17:84:Infinity":5,"s:85:28:85:Infinity":6,"s:86:20:86:Infinity":7,"s:88:21:107:Infinity":8,"s:108:15:108:Infinity":9,"s:110:24:753:Infinity":10,"f:111:12:111:40":0,"s:112:4:117:Infinity":11,"f:120:12:120:43":1,"s:121:4:126:Infinity":12,"f:129:12:129:41":2,"s:130:4:130:Infinity":13,"f:133:12:133:42":3,"s:134:4:138:Infinity":14,"f:141:12:141:50":4,"s:143:4:143:Infinity":15,"f:146:11:146:42":5,"s:147:4:147:Infinity":16,"f:150:14:150:51":6,"s:151:4:151:Infinity":17,"f:151:24:151:32":7,"s:151:44:151:75":18,"s:152:4:152:Infinity":19,"f:155:14:155:45":8,"s:156:4:156:Infinity":20,"s:157:4:157:Infinity":21,"f:160:11:160:33":9,"s:161:4:164:Infinity":22,"f:167:28:167:35":10,"s:168:18:168:Infinity":23,"s:169:4:177:Infinity":24,"f:180:11:180:49":11,"s:181:4:181:Infinity":25,"f:184:43:184:50":12,"s:185:18:185:Infinity":26,"s:186:4:186:Infinity":27,"f:189:11:189:48":13,"s:190:4:192:Infinity":28,"f:195:14:195:59":14,"s:196:4:196:Infinity":29,"f:199:11:199:48":15,"s:200:4:207:Infinity":30,"f:210:43:210:50":16,"s:211:18:211:Infinity":31,"s:212:4:220:Infinity":32,"f:223:14:223:61":17,"s:224:4:224:Infinity":33,"f:227:12:227:49":18,"s:228:4:228:Infinity":34,"f:231:11:231:31":19,"s:232:16:232:Infinity":35,"s:233:17:233:Infinity":36,"s:234:21:236:Infinity":37,"b:235:8:235:Infinity:236:8:236:Infinity":0,"f:235:16:235:24":20,"s:235:35:235:89":38,"s:237:4:237:Infinity":39,"f:240:11:240:40":21,"s:241:4:244:Infinity":40,"f:247:11:247:41":22,"s:248:4:255:Infinity":41,"f:258:31:258:38":23,"s:259:18:259:Infinity":42,"s:265:4:265:Infinity":43,"s:266:19:273:Infinity":44,"b:270:15:270:31:270:31:270:Infinity":1,"b:271:13:271:27:271:27:271:Infinity":2,"b:272:13:272:27:272:27:272:Infinity":3,"s:274:4:274:Infinity":45,"s:275:4:275:Infinity":46,"f:278:40:278:47":24,"s:279:18:279:Infinity":47,"s:280:4:287:Infinity":48,"b:283:12:283:25:283:25:283:Infinity":4,"f:290:14:290:49":25,"s:291:4:291:Infinity":49,"f:294:11:294:32":26,"s:295:16:295:Infinity":50,"s:296:17:296:Infinity":51,"s:297:21:299:Infinity":52,"b:298:8:298:Infinity:299:8:299:Infinity":5,"f:298:17:298:25":27,"s:298:37:298:92":53,"s:300:4:300:Infinity":54,"f:303:11:303:41":28,"s:304:4:333:Infinity":55,"f:336:11:336:43":29,"s:337:4:350:Infinity":56,"f:353:32:353:39":30,"s:354:18:354:Infinity":57,"s:362:4:362:Infinity":58,"s:363:20:376:Infinity":59,"b:367:16:367:33:367:33:367:Infinity":6,"b:368:12:368:25:368:25:368:Infinity":7,"b:369:20:369:41:369:41:369:Infinity":8,"b:370:14:370:28:370:28:370:31":9,"b:371:19:371:38:371:38:371:41":10,"s:377:4:377:Infinity":60,"s:378:4:378:Infinity":61,"f:381:42:381:49":31,"s:382:18:382:Infinity":62,"s:383:4:396:Infinity":63,"b:386:12:386:25:386:25:386:Infinity":11,"f:399:14:399:51":32,"s:400:4:400:Infinity":64,"f:403:11:403:30":33,"s:404:16:404:Infinity":65,"s:405:19:405:Infinity":66,"s:406:21:406:Infinity":67,"b:406:30:406:82:406:82:406:Infinity":12,"f:406:37:406:45":34,"s:406:55:406:78":68,"s:407:17:407:Infinity":69,"f:407:26:407:31":35,"s:407:63:407:68":70,"s:408:4:408:Infinity":71,"f:411:11:411:39":36,"s:412:17:412:Infinity":72,"f:412:24:412:29":37,"s:412:61:412:66":73,"s:413:4:413:Infinity":74,"f:416:11:416:39":38,"s:417:18:417:Infinity":75,"f:417:25:417:31":39,"s:417:37:417:60":76,"b:418:4:420:Infinity:undefined:undefined:undefined:undefined":13,"s:418:4:420:Infinity":77,"s:419:6:419:Infinity":78,"s:421:4:429:Infinity":79,"f:432:30:432:37":40,"s:433:18:433:Infinity":80,"s:439:4:439:Infinity":81,"s:440:29:450:Infinity":82,"b:443:17:443:35:443:35:443:Infinity":14,"b:446:22:446:45:446:45:446:87:446:87:446:Infinity":15,"b:447:13:447:27:447:27:447:Infinity":16,"b:448:21:448:43:448:43:448:Infinity":17,"s:451:4:451:Infinity":83,"s:452:44:452:Infinity":84,"s:453:4:453:Infinity":85,"f:456:45:456:52":41,"s:457:18:457:Infinity":86,"s:463:4:463:Infinity":87,"s:464:17:471:Infinity":88,"b:467:18:467:37:467:37:467:Infinity":18,"b:469:13:469:27:469:27:469:Infinity":19,"b:470:11:470:23:470:23:470:Infinity":20,"s:472:18:472:Infinity":89,"f:472:25:472:31":42,"s:472:37:472:60":90,"b:473:4:476:Infinity:undefined:undefined:undefined:undefined":21,"s:473:4:476:Infinity":91,"s:474:6:474:Infinity":92,"s:475:6:475:Infinity":93,"s:477:4:477:Infinity":94,"f:480:14:480:61":43,"s:481:4:481:Infinity":95,"f:484:46:484:53":44,"s:485:18:485:Infinity":96,"s:486:18:486:Infinity":97,"f:486:25:486:31":45,"s:486:37:486:60":98,"b:487:4:491:Infinity:undefined:undefined:undefined:undefined":22,"s:487:4:491:Infinity":99,"s:488:6:488:Infinity":100,"s:489:46:489:Infinity":101,"s:490:6:490:Infinity":102,"s:492:4:500:Infinity":103,"f:503:11:503:38":46,"s:504:16:504:Infinity":104,"s:505:23:505:Infinity":105,"s:507:6:554:Infinity":106,"b:508:10:529:Infinity:530:10:554:Infinity":23,"b:531:12:542:Infinity:543:12:554:Infinity":24,"s:555:4:555:Infinity":107,"f:558:38:558:45":47,"s:559:18:559:Infinity":108,"s:567:4:579:Infinity":109,"b:574:20:574:39:574:39:574:Infinity":25,"b:575:21:575:41:575:41:575:Infinity":26,"b:576:23:576:45:576:45:576:Infinity":27,"f:582:14:582:59":48,"s:583:4:583:Infinity":110,"f:586:50:586:57":49,"s:587:18:587:Infinity":111,"s:588:4:597:Infinity":112,"b:593:16:593:31:593:31:593:Infinity":28,"f:600:58:600:70":50,"s:601:4:601:Infinity":113,"f:604:11:604:61":51,"s:605:4:605:Infinity":114,"f:608:14:608:42":52,"s:609:4:609:Infinity":115,"f:612:11:612:32":53,"s:613:16:613:Infinity":116,"s:614:19:614:Infinity":117,"s:615:21:652:Infinity":118,"b:616:8:628:Infinity:629:8:652:Infinity":29,"s:653:4:653:Infinity":119,"f:656:11:656:41":54,"s:657:4:680:Infinity":120,"f:683:11:683:43":55,"s:684:4:694:Infinity":121,"f:697:32:697:39":56,"s:698:18:698:Infinity":122,"s:703:4:716:Infinity":123,"b:709:22:709:43:709:43:709:Infinity":30,"b:711:16:711:31:711:31:711:Infinity":31,"b:713:15:713:29:713:29:713:Infinity":32,"f:719:14:719:51":57,"s:720:4:720:Infinity":124,"f:723:11:723:54":58,"s:724:4:727:Infinity":125,"f:730:11:730:45":59,"s:731:4:743:Infinity":126,"f:746:12:746:44":60,"s:747:4:747:Infinity":127,"f:750:12:750:44":61,"s:751:4:751:Infinity":128},"fnNames":{}}}
,"/home/savelii/projects/paragonka/frontend/tests/mocks/server.ts": {"path":"/home/savelii/projects/paragonka/frontend/tests/mocks/server.ts","statementMap":{"0":{"start":{"line":4,"column":13},"end":{"line":4,"column":null}}},"fnMap":{},"branchMap":{},"s":{"0":64},"f":{},"b":{},"meta":{"lastBranch":0,"lastFunction":0,"lastStatement":1,"seen":{"s:4:13:4:Infinity":0},"fnNames":{}}}
}
